2014-09-05 00:20:48:160:	Call AlrmBrodcastReceiver
2014-09-05 00:20:48:198:	AlarmIntentService Default Constructor
2014-09-05 00:24:41:650:	Call AlarmIntentService#onHandleIntent
2014-09-05 00:24:41:665:	GeolocationFacadeを新規作成しました。
2014-09-05 00:24:41:681:	receiveAlarm
2014-09-05 00:24:41:689:	Listenerを起動します
2014-09-05 00:24:41:696:	onTickAlarm
2014-09-05 00:24:41:703:	onTickReceive
2014-09-05 00:24:41:711:	ConnectLocationServiceを起動します
2014-09-05 00:24:41:753:	▼▼▼ START
2014-09-05 00:24:44:807:	Location : (35.5450243, 139.6437427)
2014-09-05 00:24:44:819:	Accuracy : 53.231(m)
2014-09-05 00:24:44:861:	■ change request interval : 1800000
2014-09-05 00:24:44:869:	AlarmManagerを再起動します。新たなIntervalは 1800000(ms)
2014-09-05 00:54:44:899:	Call AlrmBrodcastReceiver
2014-09-05 00:54:44:917:	AlarmIntentService Default Constructor
2014-09-05 00:54:44:922:	Call AlarmIntentService#onHandleIntent
2014-09-05 00:54:44:925:	GeolocationFacadeを新規作成しました。
2014-09-05 00:54:44:927:	receiveAlarm
2014-09-05 00:54:44:930:	Listenerを起動します
2014-09-05 00:54:44:932:	onTickAlarm
2014-09-05 00:54:44:935:	onTickReceive
2014-09-05 00:54:44:940:	ConnectLocationServiceを起動します
2014-09-05 00:54:44:962:	▼▼▼ START
2014-09-05 00:54:47:986:	Location : (35.5451232, 139.6435992)
2014-09-05 00:54:47:993:	Accuracy : 27.413(m)
2014-09-05 00:54:48:007:	distance:858.1958m, move:17.021437m, time:1803173s, speed:0.03398297km/h, interval:45456664ms
2014-09-05 00:54:48:064:	■ change request interval : 1800000
2014-09-05 00:54:48:073:	AlarmManagerを再起動します。新たなIntervalは 1800000(ms)
2014-09-05 01:24:48:648:	Call AlrmBrodcastReceiver
2014-09-05 01:24:48:683:	AlarmIntentService Default Constructor
2014-09-05 01:24:48:729:	Call AlarmIntentService#onHandleIntent
2014-09-05 01:24:48:797:	GeolocationFacadeを新規作成しました。
2014-09-05 01:24:48:810:	receiveAlarm
2014-09-05 01:24:48:824:	Listenerを起動します
2014-09-05 01:24:48:882:	onTickAlarm
2014-09-05 01:24:48:892:	onTickReceive
2014-09-05 01:24:49:549:	ConnectLocationServiceを起動します
2014-09-05 01:24:49:653:	▼▼▼ START
2014-09-05 01:24:54:828:	Location : (35.5450036, 139.6437426)
2014-09-05 01:24:54:838:	Accuracy : 52.939(m)
2014-09-05 01:24:54:860:	distance:866.71735m, move:18.578781m, time:1806844s, speed:0.037016816km/h, interval:42145472ms
2014-09-05 01:24:54:918:	■ change request interval : 1800000
2014-09-05 01:24:54:936:	AlarmManagerを再起動します。新たなIntervalは 1800000(ms)
2014-09-05 01:54:54:972:	Call AlrmBrodcastReceiver
2014-09-05 01:56:04:559:	AlarmIntentService Default Constructor
2014-09-05 01:56:04:611:	Call AlarmIntentService#onHandleIntent
2014-09-05 01:56:04:666:	GeolocationFacadeを新規作成しました。
2014-09-05 01:56:04:679:	receiveAlarm
2014-09-05 01:56:04:745:	Listenerを起動します
2014-09-05 01:56:04:759:	onTickAlarm
2014-09-05 01:56:04:767:	onTickReceive
2014-09-05 01:56:04:773:	ConnectLocationServiceを起動します
2014-09-05 01:56:04:811:	▼▼▼ START
2014-09-05 01:56:34:597:	Location : (35.5450283, 139.6437386)
2014-09-05 01:56:34:601:	Accuracy : 53.601(m)
2014-09-05 01:56:34:607:	distance:864.2194m, move:2.7643788m, time:1899765s, speed:0.005238418km/h, interval:296958912ms
2014-09-05 01:56:34:645:	■ change request interval : 1800000
2014-09-05 01:56:34:649:	AlarmManagerを再起動します。新たなIntervalは 1800000(ms)
2014-09-05 02:26:34:676:	Call AlrmBrodcastReceiver
2014-09-05 02:26:34:718:	AlarmIntentService Default Constructor
2014-09-05 02:26:34:751:	Call AlarmIntentService#onHandleIntent
2014-09-05 02:26:34:759:	GeolocationFacadeを新規作成しました。
2014-09-05 02:26:34:767:	receiveAlarm
2014-09-05 02:26:34:785:	Listenerを起動します
2014-09-05 02:26:34:793:	onTickAlarm
2014-09-05 02:26:34:801:	onTickReceive
2014-09-05 02:26:34:820:	ConnectLocationServiceを起動します
2014-09-05 02:26:35:105:	▼▼▼ START
2014-09-05 02:26:40:145:	Location : (35.5450814, 139.6436632)
2014-09-05 02:26:40:171:	Accuracy : 60.194(m)
2014-09-05 02:26:40:181:	distance:860.7447m, move:9.025322m, time:1805563s, speed:0.01799503km/h, interval:86098248ms
2014-09-05 02:26:40:246:	■ change request interval : 1800000
2014-09-05 02:26:40:256:	AlarmManagerを再起動します。新たなIntervalは 1800000(ms)
2014-09-05 02:56:40:304:	Call AlrmBrodcastReceiver
2014-09-05 03:00:28:556:	AlarmIntentService Default Constructor
2014-09-05 03:00:28:581:	Call AlarmIntentService#onHandleIntent
2014-09-05 03:00:28:593:	GeolocationFacadeを新規作成しました。
2014-09-05 03:00:28:600:	receiveAlarm
2014-09-05 03:00:28:618:	Listenerを起動します
2014-09-05 03:00:28:631:	onTickAlarm
2014-09-05 03:00:28:637:	onTickReceive
2014-09-05 03:00:28:656:	ConnectLocationServiceを起動します
2014-09-05 03:00:28:690:	▼▼▼ START
2014-09-05 03:00:33:924:	Location : (35.545088, 139.6436619)
2014-09-05 03:00:33:949:	Accuracy : 60.439(m)
2014-09-05 03:00:33:976:	distance:860.08685m, move:0.7417016m, time:2033784s, speed:0.0013128857km/h, interval:1179201152ms
2014-09-05 03:00:34:021:	■ change request interval : 1800000
2014-09-05 03:00:34:023:	AlarmManagerを再起動します。新たなIntervalは 1800000(ms)
2014-09-05 03:30:34:043:	Call AlrmBrodcastReceiver
2014-09-05 03:30:34:083:	AlarmIntentService Default Constructor
2014-09-05 03:40:58:606:	Call AlarmIntentService#onHandleIntent
2014-09-05 03:40:58:627:	GeolocationFacadeを新規作成しました。
2014-09-05 03:40:58:647:	receiveAlarm
2014-09-05 03:40:58:710:	Listenerを起動します
2014-09-05 03:40:58:735:	onTickAlarm
2014-09-05 03:40:58:754:	onTickReceive
2014-09-05 03:40:58:761:	ConnectLocationServiceを起動します
2014-09-05 03:40:58:816:	▼▼▼ START
2014-09-05 03:41:01:896:	Location : (35.5451057, 139.6437106)
2014-09-05 03:41:01:902:	Accuracy : 57.353(m)
2014-09-05 03:41:01:913:	distance:856.8377m, move:4.833023m, time:2427954s, speed:0.007166068km/h, interval:215223728ms
2014-09-05 03:41:01:955:	■ change request interval : 1800000
2014-09-05 03:41:01:958:	AlarmManagerを再起動します。新たなIntervalは 1800000(ms)
2014-09-05 04:11:01:981:	Call AlrmBrodcastReceiver
2014-09-05 04:11:02:010:	AlarmIntentService Default Constructor
2014-09-05 04:11:03:624:	Call AlarmIntentService#onHandleIntent
2014-09-05 04:11:03:630:	GeolocationFacadeを新規作成しました。
2014-09-05 04:11:03:646:	receiveAlarm
2014-09-05 04:11:03:676:	Listenerを起動します
2014-09-05 04:11:03:684:	onTickAlarm
2014-09-05 04:11:03:701:	onTickReceive
2014-09-05 04:11:03:715:	ConnectLocationServiceを起動します
2014-09-05 04:11:03:777:	▼▼▼ START
2014-09-05 04:11:10:554:	Location : (35.5451057, 139.6437106)
2014-09-05 04:11:10:575:	Accuracy : 57.353(m)
2014-09-05 04:11:10:601:	■ change request interval : 1800000
2014-09-05 04:11:10:616:	AlarmManagerを再起動します。新たなIntervalは 1800000(ms)
2014-09-05 04:41:10:656:	Call AlrmBrodcastReceiver
2014-09-05 04:41:10:690:	AlarmIntentService Default Constructor
2014-09-05 04:41:10:718:	Call AlarmIntentService#onHandleIntent
2014-09-05 04:41:10:724:	GeolocationFacadeを新規作成しました。
2014-09-05 04:41:10:730:	receiveAlarm
2014-09-05 04:41:10:740:	Listenerを起動します
2014-09-05 04:41:10:761:	onTickAlarm
2014-09-05 04:41:10:767:	onTickReceive
2014-09-05 04:41:10:793:	ConnectLocationServiceを起動します
2014-09-05 04:41:10:834:	▼▼▼ START
2014-09-05 04:41:13:119:	Location : (35.5451057, 139.6437106)
2014-09-05 04:41:13:139:	Accuracy : 57.353(m)
2014-09-05 04:41:13:173:	■ change request interval : 1800000
2014-09-05 04:41:13:189:	AlarmManagerを再起動します。新たなIntervalは 1800000(ms)
2014-09-05 05:11:13:230:	Call AlrmBrodcastReceiver
2014-09-05 05:11:13:263:	AlarmIntentService Default Constructor
2014-09-05 05:11:13:588:	Call AlarmIntentService#onHandleIntent
2014-09-05 05:11:13:608:	GeolocationFacadeを新規作成しました。
2014-09-05 05:11:13:658:	receiveAlarm
2014-09-05 05:11:13:669:	Listenerを起動します
2014-09-05 05:11:13:714:	onTickAlarm
2014-09-05 05:11:13:729:	onTickReceive
2014-09-05 05:11:13:735:	ConnectLocationServiceを起動します
2014-09-05 05:11:13:783:	▼▼▼ START
2014-09-05 05:11:16:986:	Location : (35.5450884, 139.6437206)
2014-09-05 05:11:16:992:	Accuracy : 56.179(m)
2014-09-05 05:11:17:004:	distance:858.37994m, move:2.1228592m, time:1803853s, speed:0.0042366497km/h, interval:364694752ms
2014-09-05 05:11:17:050:	■ change request interval : 1800000
2014-09-05 05:11:17:057:	AlarmManagerを再起動します。新たなIntervalは 1800000(ms)
2014-09-05 05:41:17:087:	Call AlrmBrodcastReceiver
2014-09-05 05:41:17:116:	AlarmIntentService Default Constructor
2014-09-05 05:41:17:629:	Call AlarmIntentService#onHandleIntent
2014-09-05 05:41:17:643:	GeolocationFacadeを新規作成しました。
2014-09-05 05:41:17:662:	receiveAlarm
2014-09-05 05:41:17:680:	Listenerを起動します
2014-09-05 05:41:17:694:	onTickAlarm
2014-09-05 05:41:17:701:	onTickReceive
2014-09-05 05:41:17:719:	ConnectLocationServiceを起動します
2014-09-05 05:41:17:746:	▼▼▼ START
2014-09-05 05:41:20:970:	Location : (35.5451057, 139.6437106)
2014-09-05 05:41:20:992:	Accuracy : 57.353(m)
2014-09-05 05:41:21:030:	distance:856.8377m, move:2.1228592m, time:1804000s, speed:0.004236304km/h, interval:364069184ms
2014-09-05 05:41:21:107:	■ change request interval : 1800000
2014-09-05 05:41:21:113:	AlarmManagerを再起動します。新たなIntervalは 1800000(ms)
2014-09-05 06:11:21:571:	Call AlrmBrodcastReceiver
2014-09-05 06:11:21:598:	AlarmIntentService Default Constructor
2014-09-05 06:11:21:609:	Call AlarmIntentService#onHandleIntent
2014-09-05 06:11:21:616:	GeolocationFacadeを新規作成しました。
2014-09-05 06:11:21:628:	receiveAlarm
2014-09-05 06:11:21:634:	Listenerを起動します
2014-09-05 06:11:21:641:	onTickAlarm
2014-09-05 06:11:21:647:	onTickReceive
2014-09-05 06:11:21:653:	ConnectLocationServiceを起動します
2014-09-05 06:11:21:682:	▼▼▼ START
2014-09-05 06:11:51:544:	Location : (35.545066, 139.6437338)
2014-09-05 06:11:51:558:	Accuracy : 54.688(m)
2014-09-05 06:11:51:570:	distance:860.37317m, move:4.881338m, time:1830566s, speed:0.009599663km/h, interval:161325616ms
2014-09-05 06:11:51:620:	■ change request interval : 1800000
2014-09-05 06:11:51:626:	AlarmManagerを再起動します。新たなIntervalは 1800000(ms)
2014-09-05 06:41:51:654:	Call AlrmBrodcastReceiver
2014-09-05 06:41:51:682:	AlarmIntentService Default Constructor
2014-09-05 06:41:51:691:	Call AlarmIntentService#onHandleIntent
2014-09-05 06:41:51:698:	GeolocationFacadeを新規作成しました。
2014-09-05 06:41:51:706:	receiveAlarm
2014-09-05 06:41:51:713:	Listenerを起動します
2014-09-05 06:41:51:720:	onTickAlarm
2014-09-05 06:41:51:727:	onTickReceive
2014-09-05 06:41:51:733:	ConnectLocationServiceを起動します
2014-09-05 06:41:51:766:	▼▼▼ START
2014-09-05 06:41:55:008:	Location : (35.5450241, 139.6437427)
2014-09-05 06:41:55:024:	Accuracy : 53.228(m)
2014-09-05 06:41:55:042:	distance:864.5491m, move:4.7183614m, time:1803466s, speed:0.009418586km/h, interval:165225248ms
2014-09-05 06:41:55:100:	■ change request interval : 1800000
2014-09-05 06:41:55:108:	AlarmManagerを再起動します。新たなIntervalは 1800000(ms)
2014-09-05 07:11:55:127:	Call AlrmBrodcastReceiver
2014-09-05 07:11:55:152:	AlarmIntentService Default Constructor
2014-09-05 07:15:50:554:	Call AlarmIntentService#onHandleIntent
2014-09-05 07:15:50:572:	GeolocationFacadeを新規作成しました。
2014-09-05 07:15:50:583:	receiveAlarm
2014-09-05 07:15:50:591:	Listenerを起動します
2014-09-05 07:15:50:598:	onTickAlarm
2014-09-05 07:15:50:605:	onTickReceive
2014-09-05 07:15:50:612:	ConnectLocationServiceを起動します
2014-09-05 07:15:50:657:	▼▼▼ START
2014-09-05 07:16:21:598:	Location : (35.5450837, 139.6437095)
2014-09-05 07:16:21:613:	Accuracy : 56.87(m)
2014-09-05 07:16:21:634:	distance:859.1883m, move:7.2657084m, time:2066589s, speed:0.012656871km/h, interval:122189672ms
2014-09-05 07:16:21:720:	■ change request interval : 1800000
2014-09-05 07:16:21:768:	AlarmManagerを再起動します。新たなIntervalは 1800000(ms)
2014-09-05 07:46:21:849:	Call AlrmBrodcastReceiver
2014-09-05 07:46:35:574:	AlarmIntentService Default Constructor
2014-09-05 07:46:35:636:	Call AlarmIntentService#onHandleIntent
2014-09-05 07:46:35:655:	GeolocationFacadeを新規作成しました。
2014-09-05 07:46:35:662:	receiveAlarm
2014-09-05 07:46:35:680:	Listenerを起動します
2014-09-05 07:46:35:690:	onTickAlarm
2014-09-05 07:46:35:697:	onTickReceive
2014-09-05 07:46:35:704:	ConnectLocationServiceを起動します
2014-09-05 07:46:35:793:	▼▼▼ START
2014-09-05 07:46:42:297:	Location : (35.5340768, 139.6341115)
2014-09-05 07:46:42:310:	Accuracy : 897.0(m)
2014-09-05 07:46:42:357:	■ change request interval : 30000
2014-09-05 07:46:42:363:	AlarmManagerを再起動します。新たなIntervalは 30000(ms)
2014-09-05 07:47:12:688:	Call AlrmBrodcastReceiver
2014-09-05 07:47:12:745:	AlarmIntentService Default Constructor
2014-09-05 07:47:12:792:	Call AlarmIntentService#onHandleIntent
2014-09-05 07:47:12:811:	GeolocationFacadeを新規作成しました。
2014-09-05 07:47:12:842:	receiveAlarm
2014-09-05 07:47:12:884:	Listenerを起動します
2014-09-05 07:47:12:892:	onTickAlarm
2014-09-05 07:47:12:895:	onTickReceive
2014-09-05 07:47:12:898:	ConnectLocationServiceを起動します
2014-09-05 07:47:12:913:	▼▼▼ START
2014-09-05 07:47:13:029:	Location : (35.5340768, 139.6341115)
2014-09-05 07:47:13:037:	Accuracy : 897.0(m)
2014-09-05 07:47:13:062:	■ change request interval : 30000
2014-09-05 07:47:13:068:	AlarmManagerを再起動します。新たなIntervalは 30000(ms)
2014-09-05 07:47:43:592:	Call AlrmBrodcastReceiver
2014-09-05 07:47:43:636:	AlarmIntentService Default Constructor
2014-09-05 07:47:43:684:	Call AlarmIntentService#onHandleIntent
2014-09-05 07:47:43:711:	GeolocationFacadeを新規作成しました。
2014-09-05 07:47:43:718:	receiveAlarm
2014-09-05 07:47:43:754:	Listenerを起動します
2014-09-05 07:47:43:757:	onTickAlarm
2014-09-05 07:47:43:763:	onTickReceive
2014-09-05 07:47:43:766:	ConnectLocationServiceを起動します
2014-09-05 07:47:43:792:	▼▼▼ START
2014-09-05 07:47:49:206:	Location : (35.5340768, 139.6341115)
2014-09-05 07:47:49:211:	Accuracy : 897.0(m)
2014-09-05 07:47:49:247:	■ change request interval : 30000
2014-09-05 07:47:49:253:	AlarmManagerを再起動します。新たなIntervalは 30000(ms)
2014-09-05 07:48:19:280:	Call AlrmBrodcastReceiver
2014-09-05 07:48:19:325:	AlarmIntentService Default Constructor
2014-09-05 07:48:19:385:	Call AlarmIntentService#onHandleIntent
2014-09-05 07:48:19:392:	GeolocationFacadeを新規作成しました。
2014-09-05 07:48:19:398:	receiveAlarm
2014-09-05 07:48:19:405:	Listenerを起動します
2014-09-05 07:48:19:411:	onTickAlarm
2014-09-05 07:48:19:426:	onTickReceive
2014-09-05 07:48:19:433:	ConnectLocationServiceを起動します
2014-09-05 07:48:19:477:	▼▼▼ START
2014-09-05 07:48:19:569:	Location : (35.526978, 139.632118)
2014-09-05 07:48:19:575:	Accuracy : 915.0(m)
2014-09-05 07:48:20:110:	■ change request interval : 30000
2014-09-05 07:48:20:121:	AlarmManagerを再起動します。新たなIntervalは 30000(ms)
2014-09-05 07:48:50:169:	Call AlrmBrodcastReceiver
2014-09-05 07:48:50:210:	AlarmIntentService Default Constructor
2014-09-05 07:48:50:608:	Call AlarmIntentService#onHandleIntent
2014-09-05 07:48:50:623:	GeolocationFacadeを新規作成しました。
2014-09-05 07:48:50:646:	receiveAlarm
2014-09-05 07:48:50:672:	Listenerを起動します
2014-09-05 07:48:50:682:	onTickAlarm
2014-09-05 07:48:50:688:	onTickReceive
2014-09-05 07:48:50:695:	ConnectLocationServiceを起動します
2014-09-05 07:48:50:762:	▼▼▼ START
2014-09-05 07:49:15:636:	Location : (35.5152145, 139.629361)
2014-09-05 07:49:15:639:	Accuracy : 961.0(m)
2014-09-05 07:49:15:671:	■ change request interval : 30000
2014-09-05 07:49:15:673:	AlarmManagerを再起動します。新たなIntervalは 30000(ms)
2014-09-05 07:49:46:586:	Call AlrmBrodcastReceiver
2014-09-05 07:49:46:638:	AlarmIntentService Default Constructor
2014-09-05 07:49:46:697:	Call AlarmIntentService#onHandleIntent
2014-09-05 07:49:46:704:	GeolocationFacadeを新規作成しました。
2014-09-05 07:49:46:717:	receiveAlarm
2014-09-05 07:49:46:732:	Listenerを起動します
2014-09-05 07:49:46:738:	onTickAlarm
2014-09-05 07:49:46:748:	onTickReceive
2014-09-05 07:49:46:754:	ConnectLocationServiceを起動します
2014-09-05 07:49:46:821:	▼▼▼ START
2014-09-05 07:49:51:502:	Location : (35.5137485, 139.6314878)
2014-09-05 07:49:51:511:	Accuracy : 961.0(m)
2014-09-05 07:49:51:556:	■ change request interval : 30000
2014-09-05 07:49:51:563:	AlarmManagerを再起動します。新たなIntervalは 30000(ms)
2014-09-05 07:50:21:745:	Call AlrmBrodcastReceiver
2014-09-05 07:50:21:844:	AlarmIntentService Default Constructor
2014-09-05 07:50:21:854:	Call AlarmIntentService#onHandleIntent
2014-09-05 07:50:21:860:	GeolocationFacadeを新規作成しました。
2014-09-05 07:50:21:865:	receiveAlarm
2014-09-05 07:50:21:871:	Listenerを起動します
2014-09-05 07:50:21:876:	onTickAlarm
2014-09-05 07:50:21:888:	onTickReceive
2014-09-05 07:50:21:892:	ConnectLocationServiceを起動します
2014-09-05 07:50:21:905:	▼▼▼ START
2014-09-05 07:50:22:011:	Location : (35.5137485, 139.6314878)
2014-09-05 07:50:22:014:	Accuracy : 961.0(m)
2014-09-05 07:50:22:050:	■ change request interval : 30000
2014-09-05 07:50:22:054:	AlarmManagerを再起動します。新たなIntervalは 30000(ms)
2014-09-05 07:50:52:579:	Call AlrmBrodcastReceiver
2014-09-05 07:50:52:612:	AlarmIntentService Default Constructor
2014-09-05 07:50:52:658:	Call AlarmIntentService#onHandleIntent
2014-09-05 07:50:52:669:	GeolocationFacadeを新規作成しました。
2014-09-05 07:50:52:703:	receiveAlarm
2014-09-05 07:50:52:735:	Listenerを起動します
2014-09-05 07:50:52:741:	onTickAlarm
2014-09-05 07:50:52:750:	onTickReceive
2014-09-05 07:50:52:755:	ConnectLocationServiceを起動します
2014-09-05 07:50:52:789:	▼▼▼ START
2014-09-05 07:50:56:286:	Location : (35.5137485, 139.6314878)
2014-09-05 07:50:56:290:	Accuracy : 961.0(m)
2014-09-05 07:50:56:310:	■ change request interval : 30000
2014-09-05 07:50:56:312:	AlarmManagerを再起動します。新たなIntervalは 30000(ms)
2014-09-05 07:51:26:585:	Call AlrmBrodcastReceiver
2014-09-05 07:51:26:651:	AlarmIntentService Default Constructor
2014-09-05 07:51:26:692:	Call AlarmIntentService#onHandleIntent
2014-09-05 07:51:26:708:	GeolocationFacadeを新規作成しました。
2014-09-05 07:51:26:726:	receiveAlarm
2014-09-05 07:51:26:764:	Listenerを起動します
2014-09-05 07:51:26:773:	onTickAlarm
2014-09-05 07:51:26:779:	onTickReceive
2014-09-05 07:51:26:797:	ConnectLocationServiceを起動します
2014-09-05 07:51:26:864:	▼▼▼ START
2014-09-05 07:51:27:069:	Location : (35.5114126, 139.6318011)
2014-09-05 07:51:27:075:	Accuracy : 982.0(m)
2014-09-05 07:51:27:129:	■ change request interval : 30000
2014-09-05 07:51:27:137:	AlarmManagerを再起動します。新たなIntervalは 30000(ms)
2014-09-05 07:51:57:591:	Call AlrmBrodcastReceiver
2014-09-05 07:51:57:670:	AlarmIntentService Default Constructor
2014-09-05 07:51:57:712:	Call AlarmIntentService#onHandleIntent
2014-09-05 07:51:57:721:	GeolocationFacadeを新規作成しました。
2014-09-05 07:51:57:764:	receiveAlarm
2014-09-05 07:51:57:770:	Listenerを起動します
2014-09-05 07:51:57:775:	onTickAlarm
2014-09-05 07:51:57:780:	onTickReceive
2014-09-05 07:51:57:783:	ConnectLocationServiceを起動します
2014-09-05 07:51:57:813:	▼▼▼ START
2014-09-05 07:52:02:570:	Location : (35.5056358, 139.6338135)
2014-09-05 07:52:02:575:	Accuracy : 1085.0(m)
2014-09-05 07:52:02:620:	■ change request interval : 30000
2014-09-05 07:52:02:626:	AlarmManagerを再起動します。新たなIntervalは 30000(ms)
2014-09-05 07:52:32:652:	Call AlrmBrodcastReceiver
2014-09-05 07:52:32:713:	AlarmIntentService Default Constructor
2014-09-05 07:52:32:774:	Call AlarmIntentService#onHandleIntent
2014-09-05 07:52:32:789:	GeolocationFacadeを新規作成しました。
2014-09-05 07:52:32:849:	receiveAlarm
2014-09-05 07:52:32:908:	Listenerを起動します
2014-09-05 07:52:32:926:	onTickAlarm
2014-09-05 07:52:32:930:	onTickReceive
2014-09-05 07:52:32:937:	ConnectLocationServiceを起動します
2014-09-05 07:52:32:946:	▼▼▼ START
2014-09-05 07:52:33:037:	Location : (35.5044974, 139.6333014)
2014-09-05 07:52:33:040:	Accuracy : 1085.0(m)
2014-09-05 07:52:33:067:	■ change request interval : 30000
2014-09-05 07:52:33:069:	AlarmManagerを再起動します。新たなIntervalは 30000(ms)
2014-09-05 07:53:03:593:	Call AlrmBrodcastReceiver
2014-09-05 07:53:03:638:	AlarmIntentService Default Constructor
2014-09-05 07:53:03:692:	Call AlarmIntentService#onHandleIntent
2014-09-05 07:53:03:712:	GeolocationFacadeを新規作成しました。
2014-09-05 07:53:03:728:	receiveAlarm
2014-09-05 07:53:03:739:	Listenerを起動します
2014-09-05 07:53:03:745:	onTickAlarm
2014-09-05 07:53:03:752:	onTickReceive
2014-09-05 07:53:03:764:	ConnectLocationServiceを起動します
2014-09-05 07:53:03:804:	▼▼▼ START
2014-09-05 07:53:08:248:	Location : (35.4988449, 139.6311483)
2014-09-05 07:53:08:250:	Accuracy : 989.0(m)
2014-09-05 07:53:08:278:	■ change request interval : 30000
2014-09-05 07:53:08:283:	AlarmManagerを再起動します。新たなIntervalは 30000(ms)
2014-09-05 07:53:38:324:	Call AlrmBrodcastReceiver
2014-09-05 07:53:38:372:	AlarmIntentService Default Constructor
2014-09-05 07:53:38:414:	Call AlarmIntentService#onHandleIntent
2014-09-05 07:53:38:444:	GeolocationFacadeを新規作成しました。
2014-09-05 07:53:38:467:	receiveAlarm
2014-09-05 07:53:38:470:	Listenerを起動します
2014-09-05 07:53:38:473:	onTickAlarm
2014-09-05 07:53:38:477:	onTickReceive
2014-09-05 07:53:38:483:	ConnectLocationServiceを起動します
2014-09-05 07:53:38:608:	▼▼▼ START
2014-09-05 07:53:40:844:	Location : (35.4908315, 139.6294106)
2014-09-05 07:53:40:862:	Accuracy : 871.0(m)
2014-09-05 07:53:40:911:	■ change request interval : 30000
2014-09-05 07:53:40:916:	AlarmManagerを再起動します。新たなIntervalは 30000(ms)
2014-09-05 07:54:10:957:	Call AlrmBrodcastReceiver
2014-09-05 07:54:11:003:	AlarmIntentService Default Constructor
2014-09-05 07:54:11:048:	Call AlarmIntentService#onHandleIntent
2014-09-05 07:54:11:080:	GeolocationFacadeを新規作成しました。
2014-09-05 07:54:11:098:	receiveAlarm
2014-09-05 07:54:11:102:	Listenerを起動します
2014-09-05 07:54:11:106:	onTickAlarm
2014-09-05 07:54:11:110:	onTickReceive
2014-09-05 07:54:11:114:	ConnectLocationServiceを起動します
2014-09-05 07:54:11:152:	▼▼▼ START
2014-09-05 07:54:17:172:	Location : (35.4862542, 139.6294731)
2014-09-05 07:54:17:185:	Accuracy : 30.0(m)
2014-09-05 07:54:17:210:	distance:2179.8018m, move:507.88104m, time:36321s, speed:50.339245km/h, interval:77944ms
2014-09-05 07:54:17:224:	【Interval削除】PrevInterval : 1800000, Interval : 77944
2014-09-05 07:54:17:268:	■ change request interval : 77944
2014-09-05 07:54:17:274:	AlarmManagerを再起動します。新たなIntervalは 77944(ms)
2014-09-05 07:55:35:261:	Call AlrmBrodcastReceiver
2014-09-05 07:55:35:295:	AlarmIntentService Default Constructor
2014-09-05 07:55:35:326:	Call AlarmIntentService#onHandleIntent
2014-09-05 07:55:35:334:	GeolocationFacadeを新規作成しました。
2014-09-05 07:55:35:340:	receiveAlarm
2014-09-05 07:55:35:346:	Listenerを起動します
2014-09-05 07:55:35:362:	onTickAlarm
2014-09-05 07:55:35:369:	onTickReceive
2014-09-05 07:55:35:376:	ConnectLocationServiceを起動します
2014-09-05 07:55:35:432:	▼▼▼ START
2014-09-05 07:55:38:524:	Location : (35.4862704, 139.6293933)
2014-09-05 07:55:38:531:	Accuracy : 30.0(m)
2014-09-05 07:55:38:543:	distance:2179.6843m, move:7.4611664m, time:81348s, speed:0.3301888km/h, interval:11882389ms
2014-09-05 07:55:38:589:	■ change request interval : 1800000
2014-09-05 07:55:38:595:	AlarmManagerを再起動します。新たなIntervalは 1800000(ms)
2014-09-05 08:25:38:631:	Call AlrmBrodcastReceiver
2014-09-05 08:25:38:680:	AlarmIntentService Default Constructor
2014-09-05 08:25:38:707:	Call AlarmIntentService#onHandleIntent
2014-09-05 08:25:38:721:	GeolocationFacadeを新規作成しました。
2014-09-05 08:25:38:742:	receiveAlarm
2014-09-05 08:25:38:756:	Listenerを起動します
2014-09-05 08:25:38:762:	onTickAlarm
2014-09-05 08:25:38:767:	onTickReceive
2014-09-05 08:25:38:776:	ConnectLocationServiceを起動します
2014-09-05 08:25:38:867:	▼▼▼ START
2014-09-05 08:25:39:012:	Location : (35.4541737, 139.6098467)
2014-09-05 08:25:39:016:	Accuracy : 1057.0(m)
2014-09-05 08:25:39:052:	■ change request interval : 30000
2014-09-05 08:25:39:055:	AlarmManagerを再起動します。新たなIntervalは 30000(ms)
2014-09-05 08:26:10:587:	Call AlrmBrodcastReceiver
2014-09-05 08:26:10:679:	AlarmIntentService Default Constructor
2014-09-05 08:26:10:701:	Call AlarmIntentService#onHandleIntent
2014-09-05 08:26:10:769:	GeolocationFacadeを新規作成しました。
2014-09-05 08:26:10:781:	receiveAlarm
2014-09-05 08:26:10:793:	Listenerを起動します
2014-09-05 08:26:10:806:	onTickAlarm
2014-09-05 08:26:10:819:	onTickReceive
2014-09-05 08:26:10:827:	ConnectLocationServiceを起動します
2014-09-05 08:26:10:894:	▼▼▼ START
2014-09-05 08:26:40:543:	Location : (35.4535603, 139.5985974)
2014-09-05 08:26:40:552:	Accuracy : 20.0(m)
2014-09-05 08:26:40:557:	distance:312.4812m, move:1023.49054m, time:61536s, speed:59.876595km/h, interval:9393ms
2014-09-05 08:26:40:612:	■ change request interval : 30000
2014-09-05 08:26:40:618:	AlarmManagerを再起動します。新たなIntervalは 30000(ms)
2014-09-05 08:27:10:730:	Call AlrmBrodcastReceiver
2014-09-05 08:27:10:753:	AlarmIntentService Default Constructor
2014-09-05 08:27:10:762:	Call AlarmIntentService#onHandleIntent
2014-09-05 08:27:10:766:	GeolocationFacadeを新規作成しました。
2014-09-05 08:27:10:770:	receiveAlarm
2014-09-05 08:27:10:774:	Listenerを起動します
2014-09-05 08:27:10:781:	onTickAlarm
2014-09-05 08:27:10:785:	onTickReceive
2014-09-05 08:27:10:789:	ConnectLocationServiceを起動します
2014-09-05 08:27:10:814:	▼▼▼ START
2014-09-05 08:27:13:796:	Location : (35.4535873, 139.5986306)
2014-09-05 08:27:40:539:	Accuracy : 20.0(m)
2014-09-05 08:27:40:547:	distance:308.73184m, move:4.2494264m, time:59987s, speed:0.25502086km/h, interval:2179105ms
2014-09-05 08:27:40:606:	■ change request interval : 1800000
2014-09-05 08:27:40:630:	AlarmManagerを再起動します。新たなIntervalは 1800000(ms)
2014-09-05 08:57:41:588:	Call AlrmBrodcastReceiver
2014-09-05 08:57:41:634:	AlarmIntentService Default Constructor
2014-09-05 08:57:41:714:	Call AlarmIntentService#onHandleIntent
2014-09-05 08:57:41:734:	GeolocationFacadeを新規作成しました。
2014-09-05 08:57:41:748:	receiveAlarm
2014-09-05 08:57:41:754:	Listenerを起動します
2014-09-05 08:57:41:758:	onTickAlarm
2014-09-05 08:57:41:764:	onTickReceive
2014-09-05 08:57:41:767:	ConnectLocationServiceを起動します
2014-09-05 08:57:41:804:	▼▼▼ START
2014-09-05 08:57:44:974:	Location : (35.453604, 139.598621)
2014-09-05 08:57:44:983:	Accuracy : 20.0(m)
2014-09-05 08:57:44:992:	distance:309.04037m, move:2.0475738m, time:1804443s, speed:0.004085064km/h, interval:136172320ms
2014-09-05 08:57:45:037:	■ change request interval : 1800000
2014-09-05 08:57:45:051:	AlarmManagerを再起動します。新たなIntervalは 1800000(ms)
2014-09-05 09:26:21:195:	Failed Save ShopList
2014-09-05 09:26:31:312:	▼▼▼ START
2014-09-05 09:26:31:475:	Location : (35.453604, 139.5986542)
2014-09-05 09:26:31:477:	Accuracy : 20.0(m)
2014-09-05 09:26:31:481:	distance:306.14993m, move:3.013947m, time:1726496s, speed:0.006284526km/h, interval:87686784ms
2014-09-05 09:26:31:530:	■ change request interval : 1800000
2014-09-05 09:26:31:536:	AlarmManagerを再起動します。新たなIntervalは 1800000(ms)
2014-09-05 09:32:47:773:	▼▼▼ START
2014-09-05 09:32:47:981:	Location : (35.4532626, 139.5988973)
2014-09-05 09:32:47:983:	Accuracy : 40.694(m)
2014-09-05 09:32:47:991:	distance:297.57767m, move:43.83813m, time:376506s, speed:0.41916272km/h, interval:1277880ms
2014-09-05 09:32:47:994:	【Interval削除】PrevInterval : 1800000, Interval : 1277880
2014-09-05 09:32:48:031:	■ change request interval : 1277880
2014-09-05 09:32:48:034:	AlarmManagerを再起動します。新たなIntervalは 1277880(ms)
2014-09-05 09:54:07:332:	Call AlrmBrodcastReceiver
2014-09-05 09:54:07:357:	AlarmIntentService Default Constructor
2014-09-05 09:54:07:385:	Call AlarmIntentService#onHandleIntent
2014-09-05 09:54:07:387:	GeolocationFacadeを新規作成しました。
2014-09-05 09:54:07:389:	receiveAlarm
2014-09-05 09:54:07:391:	Listenerを起動します
2014-09-05 09:54:07:392:	onTickAlarm
2014-09-05 09:54:07:394:	onTickReceive
2014-09-05 09:54:07:396:	ConnectLocationServiceを起動します
2014-09-05 09:54:07:439:	▼▼▼ START
2014-09-05 09:54:10:392:	Location : (35.4535292, 139.5986889)
2014-09-05 09:54:10:401:	Accuracy : 30.0(m)
2014-09-05 09:54:10:406:	distance:305.56494m, move:35.111843m, time:1282418s, speed:0.09856587km/h, interval:5580196ms
2014-09-05 09:54:10:460:	■ change request interval : 1800000
2014-09-05 09:54:10:463:	AlarmManagerを再起動します。新たなIntervalは 1800000(ms)
2014-09-05 10:24:10:711:	Call AlrmBrodcastReceiver
2014-09-05 10:24:10:756:	AlarmIntentService Default Constructor
2014-09-05 10:24:10:782:	Call AlarmIntentService#onHandleIntent
2014-09-05 10:24:10:789:	GeolocationFacadeを新規作成しました。
2014-09-05 10:24:10:795:	receiveAlarm
2014-09-05 10:24:10:802:	Listenerを起動します
2014-09-05 10:24:10:808:	onTickAlarm
2014-09-05 10:24:10:815:	onTickReceive
2014-09-05 10:24:10:821:	ConnectLocationServiceを起動します
2014-09-05 10:24:10:878:	▼▼▼ START
2014-09-05 10:24:13:932:	Location : (35.4533522, 139.5987735)
2014-09-05 10:24:13:939:	Accuracy : 28.273(m)
2014-09-05 10:24:13:953:	distance:304.5876m, move:21.08634m, time:1803536s, speed:0.042089995km/h, interval:13025843ms
2014-09-05 10:24:14:011:	■ change request interval : 1800000
2014-09-05 10:24:14:022:	AlarmManagerを再起動します。新たなIntervalは 1800000(ms)
2014-09-05 10:49:14:517:	▼▼▼ START
2014-09-05 10:49:15:418:	Location : (35.4533983, 139.5988375)
2014-09-05 10:49:15:430:	Accuracy : 28.968(m)
2014-09-05 10:49:15:437:	distance:297.39166m, move:7.7406144m, time:1501487s, speed:0.018559076km/h, interval:28843300ms
2014-09-05 10:49:15:511:	■ change request interval : 1800000
2014-09-05 10:49:15:520:	AlarmManagerを再起動します。新たなIntervalは 1800000(ms)
2014-09-05 10:49:28:245:	▼▼▼ START
2014-09-05 10:49:28:346:	Location : (35.4533983, 139.5988375)
2014-09-05 10:49:28:356:	Accuracy : 14.484(m)
2014-09-05 10:49:28:864:	■ change request interval : 1800000
2014-09-05 10:49:28:869:	AlarmManagerを再起動します。新たなIntervalは 1800000(ms)
2014-09-05 10:49:29:941:	Failed Save ShopList onLoad
2014-09-05 10:49:31:075:	Failed Save ShopList onLoad
2014-09-05 11:19:30:538:	Call AlrmBrodcastReceiver
2014-09-05 11:19:30:547:	AlarmIntentService Default Constructor
2014-09-05 11:19:30:550:	Call AlarmIntentService#onHandleIntent
2014-09-05 11:19:30:552:	GeolocationFacadeを新規作成しました。
2014-09-05 11:19:30:554:	receiveAlarm
2014-09-05 11:19:30:555:	Listenerを起動します
2014-09-05 11:19:30:557:	onTickAlarm
2014-09-05 11:19:30:559:	onTickReceive
2014-09-05 11:19:30:561:	ConnectLocationServiceを起動します
2014-09-05 11:19:30:573:	▼▼▼ START
2014-09-05 11:19:33:449:	Location : (35.4536346, 139.5987194)
2014-09-05 11:19:33:453:	Accuracy : 165.217(m)
2014-09-05 11:19:33:496:	■ change request interval : 30000
2014-09-05 11:19:33:499:	AlarmManagerを再起動します。新たなIntervalは 30000(ms)
2014-09-05 11:20:03:535:	Call AlrmBrodcastReceiver
2014-09-05 11:20:03:579:	AlarmIntentService Default Constructor
2014-09-05 11:20:03:730:	Call AlarmIntentService#onHandleIntent
2014-09-05 11:20:03:733:	GeolocationFacadeを新規作成しました。
2014-09-05 11:20:03:737:	receiveAlarm
2014-09-05 11:20:03:740:	Listenerを起動します
2014-09-05 11:20:03:743:	onTickAlarm
2014-09-05 11:20:03:747:	onTickReceive
2014-09-05 11:20:03:750:	ConnectLocationServiceを起動します
2014-09-05 11:20:03:800:	▼▼▼ START
2014-09-05 11:20:04:097:	Location : (35.4536346, 139.5987194)
2014-09-05 11:20:04:376:	Accuracy : 165.217(m)
2014-09-05 11:20:04:403:	■ change request interval : 30000
2014-09-05 11:20:04:408:	AlarmManagerを再起動します。新たなIntervalは 30000(ms)
2014-09-05 11:20:34:606:	Call AlrmBrodcastReceiver
2014-09-05 11:20:34:707:	AlarmIntentService Default Constructor
2014-09-05 11:20:34:739:	Call AlarmIntentService#onHandleIntent
2014-09-05 11:20:34:760:	GeolocationFacadeを新規作成しました。
2014-09-05 11:20:34:771:	receiveAlarm
2014-09-05 11:20:34:785:	Listenerを起動します
2014-09-05 11:20:34:789:	onTickAlarm
2014-09-05 11:20:34:794:	onTickReceive
2014-09-05 11:20:34:798:	ConnectLocationServiceを起動します
2014-09-05 11:20:34:830:	▼▼▼ START
2014-09-05 11:20:37:730:	Location : (35.4535265, 139.5987194)
2014-09-05 11:20:38:536:	Accuracy : 157.24(m)
2014-09-05 11:20:39:086:	■ change request interval : 30000
2014-09-05 11:20:39:091:	AlarmManagerを再起動します。新たなIntervalは 30000(ms)
2014-09-05 11:21:09:138:	Call AlrmBrodcastReceiver
2014-09-05 11:21:09:181:	AlarmIntentService Default Constructor
2014-09-05 11:21:09:323:	Call AlarmIntentService#onHandleIntent
2014-09-05 11:21:09:372:	GeolocationFacadeを新規作成しました。
2014-09-05 11:21:09:397:	receiveAlarm
2014-09-05 11:21:09:409:	Listenerを起動します
2014-09-05 11:21:09:422:	onTickAlarm
2014-09-05 11:21:09:487:	onTickReceive
2014-09-05 11:21:09:497:	ConnectLocationServiceを起動します
2014-09-05 11:21:09:552:	▼▼▼ START
2014-09-05 11:21:09:706:	Location : (35.4535265, 139.5987194)
2014-09-05 11:21:09:715:	Accuracy : 111.185(m)
2014-09-05 11:21:40:587:	■ change request interval : 30000
2014-09-05 11:21:40:593:	AlarmManagerを再起動します。新たなIntervalは 30000(ms)
2014-09-05 11:22:10:738:	Call AlrmBrodcastReceiver
2014-09-05 11:22:10:772:	AlarmIntentService Default Constructor
2014-09-05 11:22:10:804:	Call AlarmIntentService#onHandleIntent
2014-09-05 11:22:10:818:	GeolocationFacadeを新規作成しました。
2014-09-05 11:22:10:837:	receiveAlarm
2014-09-05 11:22:10:843:	Listenerを起動します
2014-09-05 11:22:10:853:	onTickAlarm
2014-09-05 11:22:10:872:	onTickReceive
2014-09-05 11:22:10:888:	ConnectLocationServiceを起動します
2014-09-05 11:22:10:947:	▼▼▼ START
2014-09-05 11:22:11:101:	Location : (35.4535141, 139.5987773)
2014-09-05 11:22:11:104:	Accuracy : 153.654(m)
2014-09-05 11:22:11:131:	■ change request interval : 30000
2014-09-05 11:22:11:133:	AlarmManagerを再起動します。新たなIntervalは 30000(ms)
2014-09-05 11:22:41:539:	Call AlrmBrodcastReceiver
2014-09-05 11:22:41:591:	AlarmIntentService Default Constructor
2014-09-05 11:22:41:599:	Call AlarmIntentService#onHandleIntent
2014-09-05 11:22:41:601:	GeolocationFacadeを新規作成しました。
2014-09-05 11:22:41:603:	receiveAlarm
2014-09-05 11:22:41:605:	Listenerを起動します
2014-09-05 11:22:41:607:	onTickAlarm
2014-09-05 11:22:41:609:	onTickReceive
2014-09-05 11:22:41:611:	ConnectLocationServiceを起動します
2014-09-05 11:22:41:616:	▼▼▼ START
2014-09-05 11:22:44:696:	Location : (35.453577, 139.5987331)
2014-09-05 11:22:44:698:	Accuracy : 160.32(m)
2014-09-05 11:22:44:731:	■ change request interval : 30000
2014-09-05 11:22:44:733:	AlarmManagerを再起動します。新たなIntervalは 30000(ms)
2014-09-05 11:23:15:600:	Call AlrmBrodcastReceiver
2014-09-05 11:23:15:644:	AlarmIntentService Default Constructor
2014-09-05 11:23:15:699:	Call AlarmIntentService#onHandleIntent
2014-09-05 11:23:15:725:	GeolocationFacadeを新規作成しました。
2014-09-05 11:23:15:740:	receiveAlarm
2014-09-05 11:23:15:748:	Listenerを起動します
2014-09-05 11:23:15:756:	onTickAlarm
2014-09-05 11:23:15:764:	onTickReceive
2014-09-05 11:23:15:767:	ConnectLocationServiceを起動します
2014-09-05 11:23:15:881:	▼▼▼ START
2014-09-05 11:23:16:108:	Location : (35.453577, 139.5987331)
2014-09-05 11:23:16:115:	Accuracy : 113.363(m)
2014-09-05 11:23:16:144:	■ change request interval : 30000
2014-09-05 11:23:16:148:	AlarmManagerを再起動します。新たなIntervalは 30000(ms)
2014-09-05 11:23:46:182:	Call AlrmBrodcastReceiver
2014-09-05 11:23:46:331:	AlarmIntentService Default Constructor
2014-09-05 11:23:46:372:	Call AlarmIntentService#onHandleIntent
2014-09-05 11:23:46:387:	GeolocationFacadeを新規作成しました。
2014-09-05 11:23:46:393:	receiveAlarm
2014-09-05 11:23:46:436:	Listenerを起動します
2014-09-05 11:23:46:449:	onTickAlarm
2014-09-05 11:23:46:455:	onTickReceive
2014-09-05 11:23:46:468:	ConnectLocationServiceを起動します
2014-09-05 11:23:46:515:	▼▼▼ START
2014-09-05 11:23:54:539:	Location : (35.453577, 139.5987331)
2014-09-05 11:23:54:546:	Accuracy : 160.32(m)
2014-09-05 11:23:54:583:	■ change request interval : 30000
2014-09-05 11:23:54:598:	AlarmManagerを再起動します。新たなIntervalは 30000(ms)
2014-09-05 11:24:24:689:	Call AlrmBrodcastReceiver
2014-09-05 11:24:24:740:	AlarmIntentService Default Constructor
2014-09-05 11:24:24:745:	Call AlarmIntentService#onHandleIntent
2014-09-05 11:24:24:752:	GeolocationFacadeを新規作成しました。
2014-09-05 11:24:24:756:	receiveAlarm
2014-09-05 11:24:24:759:	Listenerを起動します
2014-09-05 11:24:24:763:	onTickAlarm
2014-09-05 11:24:24:766:	onTickReceive
2014-09-05 11:24:24:773:	ConnectLocationServiceを起動します
2014-09-05 11:24:24:805:	▼▼▼ START
2014-09-05 11:24:29:608:	Location : (35.453577, 139.5987331)
2014-09-05 11:24:29:613:	Accuracy : 160.32(m)
2014-09-05 11:24:29:637:	■ change request interval : 30000
2014-09-05 11:24:29:644:	AlarmManagerを再起動します。新たなIntervalは 30000(ms)
2014-09-05 11:25:00:605:	Call AlrmBrodcastReceiver
2014-09-05 11:25:00:647:	AlarmIntentService Default Constructor
2014-09-05 11:25:00:741:	Call AlarmIntentService#onHandleIntent
2014-09-05 11:25:00:745:	GeolocationFacadeを新規作成しました。
2014-09-05 11:25:00:749:	receiveAlarm
2014-09-05 11:25:00:752:	Listenerを起動します
2014-09-05 11:25:00:759:	onTickAlarm
2014-09-05 11:25:00:763:	onTickReceive
2014-09-05 11:25:00:767:	ConnectLocationServiceを起動します
2014-09-05 11:25:00:797:	▼▼▼ START
2014-09-05 11:25:31:541:	Location : (35.4535898, 139.5986662)
2014-09-05 11:25:31:545:	Accuracy : 113.542(m)
2014-09-05 11:25:31:596:	■ change request interval : 30000
2014-09-05 11:25:31:600:	AlarmManagerを再起動します。新たなIntervalは 30000(ms)
2014-09-05 11:26:01:745:	Call AlrmBrodcastReceiver
2014-09-05 11:26:01:761:	AlarmIntentService Default Constructor
2014-09-05 11:26:01:776:	Call AlarmIntentService#onHandleIntent
2014-09-05 11:26:01:787:	GeolocationFacadeを新規作成しました。
2014-09-05 11:26:01:794:	receiveAlarm
2014-09-05 11:26:01:799:	Listenerを起動します
2014-09-05 11:26:01:811:	onTickAlarm
2014-09-05 11:26:01:818:	onTickReceive
2014-09-05 11:26:01:820:	ConnectLocationServiceを起動します
2014-09-05 11:26:01:832:	▼▼▼ START
2014-09-05 11:26:01:908:	Location : (35.4535538, 139.5986662)
2014-09-05 11:26:01:914:	Accuracy : 78.803(m)
2014-09-05 11:26:01:930:	distance:306.71933m, move:3.9941607m, time:30368s, speed:0.47349113km/h, interval:1166008ms
2014-09-05 11:26:01:932:	【Interval削除】PrevInterval : 1800000, Interval : 1166008
2014-09-05 11:26:32:543:	■ change request interval : 1166008
2014-09-05 11:26:32:546:	AlarmManagerを再起動します。新たなIntervalは 1166008(ms)
2014-09-05 11:45:58:594:	Call AlrmBrodcastReceiver
2014-09-05 11:45:58:655:	AlarmIntentService Default Constructor
2014-09-05 11:45:58:691:	Call AlarmIntentService#onHandleIntent
2014-09-05 11:45:58:706:	GeolocationFacadeを新規作成しました。
2014-09-05 11:45:58:715:	receiveAlarm
2014-09-05 11:45:58:729:	Listenerを起動します
2014-09-05 11:45:58:747:	onTickAlarm
2014-09-05 11:45:58:753:	onTickReceive
2014-09-05 11:45:58:764:	ConnectLocationServiceを起動します
2014-09-05 11:45:58:824:	▼▼▼ START
2014-09-05 11:46:01:942:	Location : (35.4535559, 139.5987531)
2014-09-05 11:46:01:958:	Accuracy : 30.0(m)
2014-09-05 11:46:01:977:	distance:299.1167m, move:7.8923597m, time:1200043s, speed:0.023676232km/h, interval:22740530ms
2014-09-05 11:46:02:035:	■ change request interval : 1800000
2014-09-05 11:46:02:043:	AlarmManagerを再起動します。新たなIntervalは 1800000(ms)
2014-09-05 12:16:02:101:	Call AlrmBrodcastReceiver
2014-09-05 12:16:02:140:	AlarmIntentService Default Constructor
2014-09-05 12:16:02:168:	Call AlarmIntentService#onHandleIntent
2014-09-05 12:16:02:176:	GeolocationFacadeを新規作成しました。
2014-09-05 12:16:02:183:	receiveAlarm
2014-09-05 12:16:02:189:	Listenerを起動します
2014-09-05 12:16:02:206:	onTickAlarm
2014-09-05 12:16:02:214:	onTickReceive
2014-09-05 12:16:02:220:	ConnectLocationServiceを起動します
2014-09-05 12:16:02:324:	▼▼▼ START
2014-09-05 12:16:33:548:	Location : (35.4535055, 139.5987558)
2014-09-05 12:16:33:572:	Accuracy : 103.371(m)
2014-09-05 12:16:33:620:	■ change request interval : 30000
2014-09-05 12:16:33:626:	AlarmManagerを再起動します。新たなIntervalは 30000(ms)
2014-09-05 12:17:03:718:	Call AlrmBrodcastReceiver
2014-09-05 12:17:03:757:	AlarmIntentService Default Constructor
2014-09-05 12:17:03:772:	Call AlarmIntentService#onHandleIntent
2014-09-05 12:17:03:784:	GeolocationFacadeを新規作成しました。
2014-09-05 12:17:03:791:	receiveAlarm
2014-09-05 12:17:03:793:	Listenerを起動します
2014-09-05 12:17:03:795:	onTickAlarm
2014-09-05 12:17:03:797:	onTickReceive
2014-09-05 12:17:03:799:	ConnectLocationServiceを起動します
2014-09-05 12:17:03:816:	▼▼▼ START
2014-09-05 12:17:06:760:	Location : (35.4536135, 139.5986342)
2014-09-05 12:17:06:765:	Accuracy : 116.795(m)
2014-09-05 12:17:06:806:	■ change request interval : 30000
2014-09-05 12:17:06:809:	AlarmManagerを再起動します。新たなIntervalは 30000(ms)
2014-09-05 12:17:36:831:	Call AlrmBrodcastReceiver
2014-09-05 12:17:36:874:	AlarmIntentService Default Constructor
2014-09-05 12:17:36:899:	Call AlarmIntentService#onHandleIntent
2014-09-05 12:17:36:915:	GeolocationFacadeを新規作成しました。
2014-09-05 12:17:37:080:	receiveAlarm
2014-09-05 12:17:37:087:	Listenerを起動します
2014-09-05 12:17:37:096:	onTickAlarm
2014-09-05 12:17:37:102:	onTickReceive
2014-09-05 12:17:37:109:	ConnectLocationServiceを起動します
2014-09-05 12:17:37:141:	▼▼▼ START
2014-09-05 12:18:07:557:	Location : (35.4536135, 139.5986342)
2014-09-05 12:18:07:562:	Accuracy : 116.795(m)
2014-09-05 12:18:07:650:	■ change request interval : 30000
2014-09-05 12:18:07:654:	AlarmManagerを再起動します。新たなIntervalは 30000(ms)
2014-09-05 12:18:37:684:	Call AlrmBrodcastReceiver
2014-09-05 12:18:37:737:	AlarmIntentService Default Constructor
2014-09-05 12:18:37:752:	Call AlarmIntentService#onHandleIntent
2014-09-05 12:18:37:761:	GeolocationFacadeを新規作成しました。
2014-09-05 12:18:37:766:	receiveAlarm
2014-09-05 12:18:37:770:	Listenerを起動します
2014-09-05 12:18:37:775:	onTickAlarm
2014-09-05 12:18:37:787:	onTickReceive
2014-09-05 12:18:37:791:	ConnectLocationServiceを起動します
2014-09-05 12:18:37:827:	▼▼▼ START
2014-09-05 12:18:37:947:	Location : (35.453623, 139.5986961)
2014-09-05 12:18:37:955:	Accuracy : 113.829(m)
2014-09-05 12:18:38:571:	■ change request interval : 30000
2014-09-05 12:18:38:577:	AlarmManagerを再起動します。新たなIntervalは 30000(ms)
2014-09-05 12:19:08:707:	Call AlrmBrodcastReceiver
2014-09-05 12:19:08:748:	AlarmIntentService Default Constructor
2014-09-05 12:19:08:762:	Call AlarmIntentService#onHandleIntent
2014-09-05 12:19:08:766:	GeolocationFacadeを新規作成しました。
2014-09-05 12:19:08:771:	receiveAlarm
2014-09-05 12:19:08:775:	Listenerを起動します
2014-09-05 12:19:08:779:	onTickAlarm
2014-09-05 12:19:08:785:	onTickReceive
2014-09-05 12:19:08:793:	ConnectLocationServiceを起動します
2014-09-05 12:19:08:810:	▼▼▼ START
2014-09-05 12:19:11:891:	Location : (35.4535219, 139.5987655)
2014-09-05 12:19:38:558:	Accuracy : 30.0(m)
2014-09-05 12:19:38:575:	distance:299.18515m, move:12.865171m, time:60600s, speed:0.76426756km/h, interval:704639ms
2014-09-05 12:19:38:582:	【Interval削除】PrevInterval : 1800000, Interval : 704639
2014-09-05 12:19:38:630:	■ change request interval : 704639
2014-09-05 12:19:38:636:	AlarmManagerを再起動します。新たなIntervalは 704639(ms)
2014-09-05 12:31:23:590:	Call AlrmBrodcastReceiver
2014-09-05 12:31:23:654:	AlarmIntentService Default Constructor
2014-09-05 12:31:23:672:	Call AlarmIntentService#onHandleIntent
2014-09-05 12:31:23:679:	GeolocationFacadeを新規作成しました。
2014-09-05 12:31:23:693:	receiveAlarm
2014-09-05 12:31:23:707:	Listenerを起動します
2014-09-05 12:31:23:713:	onTickAlarm
2014-09-05 12:31:23:730:	onTickReceive
2014-09-05 12:31:23:737:	ConnectLocationServiceを起動します
2014-09-05 12:31:23:769:	▼▼▼ START
2014-09-05 12:31:26:919:	Location : (35.453269, 139.598942)
2014-09-05 12:31:26:921:	Accuracy : 42.677(m)
2014-09-05 12:31:26:929:	distance:293.5413m, move:32.31164m, time:708368s, speed:0.16421114km/h, interval:3217652ms
2014-09-05 12:31:26:955:	■ change request interval : 1800000
2014-09-05 12:31:26:957:	AlarmManagerを再起動します。新たなIntervalは 1800000(ms)
2014-09-05 13:01:27:591:	Call AlrmBrodcastReceiver
2014-09-05 13:01:27:638:	AlarmIntentService Default Constructor
2014-09-05 13:01:27:737:	Call AlarmIntentService#onHandleIntent
2014-09-05 13:01:27:740:	GeolocationFacadeを新規作成しました。
2014-09-05 13:01:27:742:	receiveAlarm
2014-09-05 13:01:27:744:	Listenerを起動します
2014-09-05 13:01:27:746:	onTickAlarm
2014-09-05 13:01:27:748:	onTickReceive
2014-09-05 13:01:27:750:	ConnectLocationServiceを起動します
2014-09-05 13:01:27:766:	▼▼▼ START
2014-09-05 13:01:32:888:	Location : (35.4534967, 139.5987363)
2014-09-05 13:01:32:898:	Accuracy : 154.278(m)
2014-09-05 13:01:58:601:	■ change request interval : 30000
2014-09-05 13:01:58:605:	AlarmManagerを再起動します。新たなIntervalは 30000(ms)
2014-09-05 13:02:29:594:	Call AlrmBrodcastReceiver
2014-09-05 13:02:29:642:	AlarmIntentService Default Constructor
2014-09-05 13:02:29:689:	Call AlarmIntentService#onHandleIntent
2014-09-05 13:02:29:713:	GeolocationFacadeを新規作成しました。
2014-09-05 13:02:29:736:	receiveAlarm
2014-09-05 13:02:29:739:	Listenerを起動します
2014-09-05 13:02:29:742:	onTickAlarm
2014-09-05 13:02:29:745:	onTickReceive
2014-09-05 13:02:29:748:	ConnectLocationServiceを起動します
2014-09-05 13:02:29:761:	▼▼▼ START
2014-09-05 13:02:59:554:	Location : (35.4532627, 139.5989352)
2014-09-05 13:02:59:565:	Accuracy : 127.989(m)
2014-09-05 13:02:59:631:	■ change request interval : 30000
2014-09-05 13:02:59:637:	AlarmManagerを再起動します。新たなIntervalは 30000(ms)
2014-09-05 13:03:29:671:	Call AlrmBrodcastReceiver
2014-09-05 13:03:29:737:	AlarmIntentService Default Constructor
2014-09-05 13:03:29:752:	Call AlarmIntentService#onHandleIntent
2014-09-05 13:03:29:760:	GeolocationFacadeを新規作成しました。
2014-09-05 13:03:30:092:	receiveAlarm
2014-09-05 13:03:30:117:	Listenerを起動します
2014-09-05 13:03:30:138:	onTickAlarm
2014-09-05 13:03:30:152:	onTickReceive
2014-09-05 13:03:30:169:	ConnectLocationServiceを起動します
2014-09-05 13:03:30:211:	▼▼▼ START
2014-09-05 13:03:59:571:	Location : (35.4535262, 139.5986776)
2014-09-05 13:03:59:578:	Accuracy : 30.0(m)
2014-09-05 13:03:59:594:	distance:306.6434m, move:37.43746m, time:60015s, speed:2.2456863km/h, interval:245785ms
2014-09-05 13:03:59:601:	【Interval削除】PrevInterval : 1800000, Interval : 245785
2014-09-05 13:03:59:646:	■ change request interval : 245785
2014-09-05 13:03:59:653:	AlarmManagerを再起動します。新たなIntervalは 245785(ms)
2014-09-05 13:08:05:590:	Call AlrmBrodcastReceiver
2014-09-05 13:08:05:692:	AlarmIntentService Default Constructor
2014-09-05 13:08:05:742:	Call AlarmIntentService#onHandleIntent
2014-09-05 13:08:05:750:	GeolocationFacadeを新規作成しました。
2014-09-05 13:08:05:753:	receiveAlarm
2014-09-05 13:08:05:759:	Listenerを起動します
2014-09-05 13:08:05:761:	onTickAlarm
2014-09-05 13:08:05:763:	onTickReceive
2014-09-05 13:08:05:768:	ConnectLocationServiceを起動します
2014-09-05 13:08:05:775:	▼▼▼ START
2014-09-05 13:08:08:733:	Location : (35.4535041, 139.5987357)
2014-09-05 13:08:36:535:	Accuracy : 30.0(m)
2014-09-05 13:08:36:553:	distance:302.36642m, move:5.816493m, time:276958s, speed:0.07560488km/h, interval:7198736ms
2014-09-05 13:08:36:597:	■ change request interval : 1800000
2014-09-05 13:08:36:602:	AlarmManagerを再起動します。新たなIntervalは 1800000(ms)
2014-09-05 13:31:32:343:	▼▼▼ START
2014-09-05 13:31:32:462:	Location : (35.4535519, 139.5987229)
2014-09-05 13:31:32:476:	Accuracy : 30.0(m)
2014-09-05 13:31:32:492:	distance:301.8658m, move:5.4291673m, time:1375941s, speed:0.014204826km/h, interval:38251680ms
2014-09-05 13:31:32:538:	■ change request interval : 1800000
2014-09-05 13:31:32:540:	AlarmManagerを再起動します。新たなIntervalは 1800000(ms)
2014-09-05 13:35:25:584:	▼▼▼ START
2014-09-05 13:35:28:769:	Location : (35.4536052, 139.5986689)
2014-09-05 13:35:28:776:	Accuracy : 114.301(m)
2014-09-05 13:35:28:822:	■ change request interval : 30000
2014-09-05 13:35:28:827:	AlarmManagerを再起動します。新たなIntervalは 30000(ms)
2014-09-05 13:35:59:189:	Call AlrmBrodcastReceiver
2014-09-05 13:35:59:197:	AlarmIntentService Default Constructor
2014-09-05 13:35:59:219:	Call AlarmIntentService#onHandleIntent
2014-09-05 13:35:59:222:	GeolocationFacadeを新規作成しました。
2014-09-05 13:35:59:224:	receiveAlarm
2014-09-05 13:35:59:226:	Listenerを起動します
2014-09-05 13:35:59:228:	onTickAlarm
2014-09-05 13:35:59:231:	onTickReceive
2014-09-05 13:35:59:234:	ConnectLocationServiceを起動します
2014-09-05 13:35:59:263:	▼▼▼ START
2014-09-05 13:35:59:334:	Location : (35.4536052, 139.5986689)
2014-09-05 13:35:59:338:	Accuracy : 114.301(m)
2014-09-05 13:35:59:374:	■ change request interval : 30000
2014-09-05 13:35:59:381:	AlarmManagerを再起動します。新たなIntervalは 30000(ms)
2014-09-05 13:36:29:408:	Call AlrmBrodcastReceiver
2014-09-05 13:36:29:433:	AlarmIntentService Default Constructor
2014-09-05 13:36:29:450:	Call AlarmIntentService#onHandleIntent
2014-09-05 13:36:29:452:	GeolocationFacadeを新規作成しました。
2014-09-05 13:36:29:454:	receiveAlarm
2014-09-05 13:36:29:456:	Listenerを起動します
2014-09-05 13:36:29:458:	onTickAlarm
2014-09-05 13:36:29:460:	onTickReceive
2014-09-05 13:36:29:462:	ConnectLocationServiceを起動します
2014-09-05 13:36:29:490:	▼▼▼ START
2014-09-05 13:36:32:356:	Location : (35.4536052, 139.5986689)
2014-09-05 13:36:32:358:	Accuracy : 114.301(m)
2014-09-05 13:36:32:379:	■ change request interval : 30000
2014-09-05 13:36:32:381:	AlarmManagerを再起動します。新たなIntervalは 30000(ms)
2014-09-05 13:37:02:470:	Call AlrmBrodcastReceiver
2014-09-05 13:37:02:528:	AlarmIntentService Default Constructor
2014-09-05 13:37:02:575:	Call AlarmIntentService#onHandleIntent
2014-09-05 13:37:02:593:	GeolocationFacadeを新規作成しました。
2014-09-05 13:37:02:632:	receiveAlarm
2014-09-05 13:37:02:639:	Listenerを起動します
2014-09-05 13:37:02:651:	onTickAlarm
2014-09-05 13:37:02:659:	onTickReceive
2014-09-05 13:37:02:671:	ConnectLocationServiceを起動します
2014-09-05 13:37:02:722:	▼▼▼ START
2014-09-05 13:37:02:849:	Location : (35.4536052, 139.5986689)
2014-09-05 13:37:02:858:	Accuracy : 114.301(m)
2014-09-05 13:37:02:876:	■ change request interval : 30000
2014-09-05 13:37:02:879:	AlarmManagerを再起動します。新たなIntervalは 30000(ms)
2014-09-05 13:37:32:889:	Call AlrmBrodcastReceiver
2014-09-05 13:37:32:900:	AlarmIntentService Default Constructor
2014-09-05 13:37:32:908:	Call AlarmIntentService#onHandleIntent
2014-09-05 13:37:32:910:	GeolocationFacadeを新規作成しました。
2014-09-05 13:37:32:913:	receiveAlarm
2014-09-05 13:37:32:916:	Listenerを起動します
2014-09-05 13:37:32:919:	onTickAlarm
2014-09-05 13:37:32:921:	onTickReceive
2014-09-05 13:37:32:923:	ConnectLocationServiceを起動します
2014-09-05 13:37:32:935:	▼▼▼ START
2014-09-05 13:37:35:922:	Location : (35.4535475, 139.5986605)
2014-09-05 13:37:35:934:	Accuracy : 111.424(m)
2014-09-05 13:37:35:989:	■ change request interval : 30000
2014-09-05 13:37:35:994:	AlarmManagerを再起動します。新たなIntervalは 30000(ms)
2014-09-05 13:38:06:022:	Call AlrmBrodcastReceiver
2014-09-05 13:38:06:078:	AlarmIntentService Default Constructor
2014-09-05 13:38:06:108:	Call AlarmIntentService#onHandleIntent
2014-09-05 13:38:06:124:	GeolocationFacadeを新規作成しました。
2014-09-05 13:38:06:132:	receiveAlarm
2014-09-05 13:38:06:151:	Listenerを起動します
2014-09-05 13:38:06:213:	onTickAlarm
2014-09-05 13:38:06:230:	onTickReceive
2014-09-05 13:38:06:256:	ConnectLocationServiceを起動します
2014-09-05 13:38:06:286:	▼▼▼ START
2014-09-05 13:38:06:570:	Location : (35.4535475, 139.5986605)
2014-09-05 13:38:06:580:	Accuracy : 78.788(m)
2014-09-05 13:38:06:621:	■ change request interval : 60000
2014-09-05 13:38:06:632:	AlarmManagerを再起動します。新たなIntervalは 60000(ms)
2014-09-05 13:39:06:674:	Call AlrmBrodcastReceiver
2014-09-05 13:39:06:796:	AlarmIntentService Default Constructor
2014-09-05 13:39:06:817:	Call AlarmIntentService#onHandleIntent
2014-09-05 13:39:06:826:	GeolocationFacadeを新規作成しました。
2014-09-05 13:39:06:834:	receiveAlarm
2014-09-05 13:39:06:851:	Listenerを起動します
2014-09-05 13:39:06:861:	onTickAlarm
2014-09-05 13:39:06:871:	onTickReceive
2014-09-05 13:39:06:891:	ConnectLocationServiceを起動します
2014-09-05 13:39:06:930:	▼▼▼ START
2014-09-05 13:39:07:187:	Location : (35.4535442, 139.5987757)
2014-09-05 13:39:07:199:	Accuracy : 30.0(m)
2014-09-05 13:39:07:217:	distance:297.5501m, move:10.464447m, time:60614s, speed:0.62150675km/h, interval:861760ms
2014-09-05 13:39:07:294:	■ change request interval : 861760
2014-09-05 13:39:07:302:	AlarmManagerを再起動します。新たなIntervalは 861760(ms)
2014-09-05 13:39:41:945:	▼▼▼ START
2014-09-05 13:39:42:090:	Location : (35.4535405, 139.5987489)
2014-09-05 13:39:42:095:	Accuracy : 74.834(m)
2014-09-05 13:39:42:105:	distance:299.9934m, move:2.4673367m, time:34903s, speed:0.2544885km/h, interval:2121856ms
2014-09-05 13:39:42:151:	■ change request interval : 120000
2014-09-05 13:39:42:154:	AlarmManagerを再起動します。新たなIntervalは 120000(ms)
2014-09-05 13:39:49:205:	▼▼▼ START
2014-09-05 13:39:49:276:	Location : (35.4535405, 139.5987489)
2014-09-05 13:39:49:278:	Accuracy : 43.205(m)
2014-09-05 13:39:49:338:	■ change request interval : 240000
2014-09-05 13:39:49:340:	AlarmManagerを再起動します。新たなIntervalは 240000(ms)
2014-09-05 13:40:37:094:	▼▼▼ START
2014-09-05 13:40:40:032:	Location : (35.4535766, 139.5986605)
2014-09-05 13:40:40:036:	Accuracy : 113.1(m)
2014-09-05 13:40:40:622:	■ change request interval : 30000
2014-09-05 13:40:40:629:	AlarmManagerを再起動します。新たなIntervalは 30000(ms)
2014-09-05 13:41:11:426:	Call AlrmBrodcastReceiver
2014-09-05 13:41:11:444:	AlarmIntentService Default Constructor
2014-09-05 13:41:11:486:	Call AlarmIntentService#onHandleIntent
2014-09-05 13:41:11:507:	GeolocationFacadeを新規作成しました。
2014-09-05 13:41:11:520:	receiveAlarm
2014-09-05 13:41:11:528:	Listenerを起動します
2014-09-05 13:41:11:590:	onTickAlarm
2014-09-05 13:41:11:607:	onTickReceive
2014-09-05 13:41:11:628:	ConnectLocationServiceを起動します
2014-09-05 13:41:11:641:	▼▼▼ START
2014-09-05 13:41:11:733:	Location : (35.4535766, 139.5986605)
2014-09-05 13:41:11:758:	Accuracy : 113.1(m)
2014-09-05 13:41:11:820:	■ change request interval : 30000
2014-09-05 13:41:11:828:	AlarmManagerを再起動します。新たなIntervalは 30000(ms)
2014-09-05 13:41:41:976:	Call AlrmBrodcastReceiver
2014-09-05 13:41:41:989:	AlarmIntentService Default Constructor
2014-09-05 13:41:41:998:	Call AlarmIntentService#onHandleIntent
2014-09-05 13:41:42:000:	GeolocationFacadeを新規作成しました。
2014-09-05 13:41:42:008:	receiveAlarm
2014-09-05 13:41:42:010:	Listenerを起動します
2014-09-05 13:41:42:014:	onTickAlarm
2014-09-05 13:41:42:022:	onTickReceive
2014-09-05 13:41:42:024:	ConnectLocationServiceを起動します
2014-09-05 13:41:42:038:	▼▼▼ START
2014-09-05 13:41:45:103:	Location : (35.453552, 139.5987106)
2014-09-05 13:41:45:112:	Accuracy : 108.731(m)
2014-09-05 13:41:45:161:	■ change request interval : 30000
2014-09-05 13:41:45:169:	AlarmManagerを再起動します。新たなIntervalは 30000(ms)
2014-09-05 13:42:15:191:	Call AlrmBrodcastReceiver
2014-09-05 13:42:15:202:	AlarmIntentService Default Constructor
2014-09-05 13:42:15:209:	Call AlarmIntentService#onHandleIntent
2014-09-05 13:42:15:218:	GeolocationFacadeを新規作成しました。
2014-09-05 13:42:15:223:	receiveAlarm
2014-09-05 13:42:15:228:	Listenerを起動します
2014-09-05 13:42:15:237:	onTickAlarm
2014-09-05 13:42:15:242:	onTickReceive
2014-09-05 13:42:15:247:	ConnectLocationServiceを起動します
2014-09-05 13:42:15:272:	▼▼▼ START
2014-09-05 13:42:15:506:	Location : (35.453552, 139.5987106)
2014-09-05 13:42:15:523:	Accuracy : 108.731(m)
2014-09-05 13:42:15:550:	■ change request interval : 30000
2014-09-05 13:42:15:552:	AlarmManagerを再起動します。新たなIntervalは 30000(ms)
2014-09-05 13:42:34:061:	▼▼▼ START
2014-09-05 13:42:36:949:	Location : (35.453525, 139.5986774)
2014-09-05 13:42:36:968:	Accuracy : 109.141(m)
2014-09-05 13:42:37:013:	■ change request interval : 30000
2014-09-05 13:42:37:015:	AlarmManagerを再起動します。新たなIntervalは 30000(ms)
2014-09-05 13:42:37:456:	▼▼▼ START
2014-09-05 13:42:37:525:	Location : (35.453525, 139.5986774)
2014-09-05 13:42:37:529:	Accuracy : 54.57(m)
2014-09-05 13:42:37:590:	■ change request interval : 480000
2014-09-05 13:42:37:593:	AlarmManagerを再起動します。新たなIntervalは 480000(ms)
2014-09-05 13:42:52:284:	▼▼▼ START
2014-09-05 13:42:52:438:	Location : (35.453525, 139.5986774)
2014-09-05 13:42:52:445:	Accuracy : 38.587(m)
2014-09-05 13:42:52:482:	■ change request interval : 960000
2014-09-05 13:42:52:485:	AlarmManagerを再起動します。新たなIntervalは 960000(ms)
2014-09-05 13:45:19:564:	▼▼▼ START
2014-09-05 13:45:22:525:	Location : (35.4535752, 139.5987533)
2014-09-05 13:45:22:531:	Accuracy : 107.665(m)
2014-09-05 13:45:22:560:	■ change request interval : 30000
2014-09-05 13:45:22:567:	AlarmManagerを再起動します。新たなIntervalは 30000(ms)
2014-09-05 13:45:52:606:	Call AlrmBrodcastReceiver
2014-09-05 13:45:52:659:	AlarmIntentService Default Constructor
2014-09-05 13:45:52:709:	Call AlarmIntentService#onHandleIntent
2014-09-05 13:45:52:730:	GeolocationFacadeを新規作成しました。
2014-09-05 13:45:52:767:	receiveAlarm
2014-09-05 13:45:52:790:	Listenerを起動します
2014-09-05 13:45:52:817:	onTickAlarm
2014-09-05 13:45:52:831:	onTickReceive
2014-09-05 13:45:52:839:	ConnectLocationServiceを起動します
2014-09-05 13:45:52:874:	▼▼▼ START
2014-09-05 13:45:53:029:	Location : (35.4535752, 139.5987533)
2014-09-05 13:45:53:045:	Accuracy : 107.665(m)
2014-09-05 13:45:53:085:	■ change request interval : 30000
2014-09-05 13:45:53:112:	AlarmManagerを再起動します。新たなIntervalは 30000(ms)
2014-09-05 13:46:23:143:	Call AlrmBrodcastReceiver
2014-09-05 13:46:23:177:	AlarmIntentService Default Constructor
2014-09-05 13:46:23:210:	Call AlarmIntentService#onHandleIntent
2014-09-05 13:46:23:220:	GeolocationFacadeを新規作成しました。
2014-09-05 13:46:23:237:	receiveAlarm
2014-09-05 13:46:23:244:	Listenerを起動します
2014-09-05 13:46:23:252:	onTickAlarm
2014-09-05 13:46:23:265:	onTickReceive
2014-09-05 13:46:23:269:	ConnectLocationServiceを起動します
2014-09-05 13:46:23:295:	▼▼▼ START
2014-09-05 13:46:26:260:	Location : (35.4535405, 139.5987489)
2014-09-05 13:46:26:264:	Accuracy : 105.832(m)
2014-09-05 13:46:26:294:	■ change request interval : 30000
2014-09-05 13:46:26:297:	AlarmManagerを再起動します。新たなIntervalは 30000(ms)
2014-09-05 13:46:53:761:	▼▼▼ START
2014-09-05 13:46:53:865:	Location : (35.4535405, 139.5987489)
2014-09-05 13:46:53:868:	Accuracy : 105.832(m)
2014-09-05 13:46:53:892:	■ change request interval : 30000
2014-09-05 13:46:53:894:	AlarmManagerを再起動します。新たなIntervalは 30000(ms)
2014-09-05 13:47:23:937:	Call AlrmBrodcastReceiver
2014-09-05 13:47:23:981:	AlarmIntentService Default Constructor
2014-09-05 13:47:24:008:	Call AlarmIntentService#onHandleIntent
2014-09-05 13:47:24:027:	GeolocationFacadeを新規作成しました。
2014-09-05 13:47:24:056:	receiveAlarm
2014-09-05 13:47:24:059:	Listenerを起動します
2014-09-05 13:47:24:062:	onTickAlarm
2014-09-05 13:47:24:065:	onTickReceive
2014-09-05 13:47:24:068:	ConnectLocationServiceを起動します
2014-09-05 13:47:24:085:	▼▼▼ START
2014-09-05 13:47:26:969:	Location : (35.4535766, 139.5987489)
2014-09-05 13:47:26:994:	Accuracy : 108.0(m)
2014-09-05 13:47:27:034:	■ change request interval : 30000
2014-09-05 13:47:27:036:	AlarmManagerを再起動します。新たなIntervalは 30000(ms)
2014-09-05 13:47:57:136:	Call AlrmBrodcastReceiver
2014-09-05 13:47:57:191:	AlarmIntentService Default Constructor
2014-09-05 13:47:57:217:	Call AlarmIntentService#onHandleIntent
2014-09-05 13:47:57:225:	GeolocationFacadeを新規作成しました。
2014-09-05 13:47:57:239:	receiveAlarm
2014-09-05 13:47:57:247:	Listenerを起動します
2014-09-05 13:47:57:258:	onTickAlarm
2014-09-05 13:47:57:281:	onTickReceive
2014-09-05 13:47:57:299:	ConnectLocationServiceを起動します
2014-09-05 13:47:57:345:	▼▼▼ START
2014-09-05 13:47:57:577:	Location : (35.4535766, 139.5987489)
2014-09-05 13:47:57:580:	Accuracy : 108.0(m)
2014-09-05 13:47:57:600:	■ change request interval : 30000
2014-09-05 13:47:57:603:	AlarmManagerを再起動します。新たなIntervalは 30000(ms)
2014-09-05 13:48:27:628:	Call AlrmBrodcastReceiver
2014-09-05 13:48:27:660:	AlarmIntentService Default Constructor
2014-09-05 13:48:27:710:	Call AlarmIntentService#onHandleIntent
2014-09-05 13:48:27:713:	GeolocationFacadeを新規作成しました。
2014-09-05 13:48:27:716:	receiveAlarm
2014-09-05 13:48:27:718:	Listenerを起動します
2014-09-05 13:48:27:721:	onTickAlarm
2014-09-05 13:48:27:724:	onTickReceive
2014-09-05 13:48:27:727:	ConnectLocationServiceを起動します
2014-09-05 13:48:27:741:	▼▼▼ START
2014-09-05 13:48:30:727:	Location : (35.4535835, 139.5987379)
2014-09-05 13:48:30:735:	Accuracy : 109.045(m)
2014-09-05 13:48:31:266:	■ change request interval : 30000
2014-09-05 13:48:31:269:	AlarmManagerを再起動します。新たなIntervalは 30000(ms)
2014-09-05 13:49:02:114:	Call AlrmBrodcastReceiver
2014-09-05 13:49:02:625:	AlarmIntentService Default Constructor
2014-09-05 13:49:02:654:	Call AlarmIntentService#onHandleIntent
2014-09-05 13:49:02:683:	GeolocationFacadeを新規作成しました。
2014-09-05 13:49:02:687:	receiveAlarm
2014-09-05 13:49:02:693:	Listenerを起動します
2014-09-05 13:49:02:697:	onTickAlarm
2014-09-05 13:49:02:700:	onTickReceive
2014-09-05 13:49:02:733:	ConnectLocationServiceを起動します
2014-09-05 13:49:02:818:	▼▼▼ START
2014-09-05 13:49:03:207:	Location : (35.4535732, 139.5987542)
2014-09-05 13:49:03:406:	Accuracy : 66.904(m)
2014-09-05 13:49:03:412:	distance:298.45114m, move:1.8696419m, time:32650s, speed:0.20614734km/h, interval:2605961ms
2014-09-05 13:49:03:503:	■ change request interval : 1800000
2014-09-05 13:49:03:507:	AlarmManagerを再起動します。新たなIntervalは 1800000(ms)
2014-09-05 14:19:04:444:	Call AlrmBrodcastReceiver
2014-09-05 14:19:48:400:	AlarmIntentService Default Constructor
2014-09-05 14:19:48:426:	Call AlarmIntentService#onHandleIntent
2014-09-05 14:19:48:438:	GeolocationFacadeを新規作成しました。
2014-09-05 14:19:48:450:	receiveAlarm
2014-09-05 14:19:48:460:	Listenerを起動します
2014-09-05 14:19:48:469:	onTickAlarm
2014-09-05 14:19:48:479:	onTickReceive
2014-09-05 14:19:48:999:	ConnectLocationServiceを起動します
2014-09-05 14:19:49:053:	▼▼▼ START
2014-09-05 14:19:52:280:	Location : (35.4534905, 139.5986428)
2014-09-05 14:19:52:365:	Accuracy : 30.0(m)
2014-09-05 14:19:52:377:	distance:310.85574m, move:13.655166m, time:1848980s, speed:0.026586873km/h, interval:21045738ms
2014-09-05 14:19:52:417:	■ change request interval : 1800000
2014-09-05 14:19:52:424:	AlarmManagerを再起動します。新たなIntervalは 1800000(ms)
2014-09-05 14:49:54:217:	Call AlrmBrodcastReceiver
2014-09-05 14:50:46:721:	AlarmIntentService Default Constructor
2014-09-05 14:50:46:755:	Call AlarmIntentService#onHandleIntent
2014-09-05 14:50:46:785:	GeolocationFacadeを新規作成しました。
2014-09-05 14:50:46:808:	receiveAlarm
2014-09-05 14:50:46:850:	Listenerを起動します
2014-09-05 14:50:46:855:	onTickAlarm
2014-09-05 14:50:46:862:	onTickReceive
2014-09-05 14:50:46:931:	ConnectLocationServiceを起動します
2014-09-05 14:50:47:073:	▼▼▼ START
2014-09-05 14:50:50:142:	Location : (35.4534969, 139.5987703)
2014-09-05 14:50:50:332:	Accuracy : 102.02(m)
2014-09-05 14:51:16:632:	■ change request interval : 30000
2014-09-05 14:51:16:635:	AlarmManagerを再起動します。新たなIntervalは 30000(ms)
2014-09-05 14:51:46:772:	Call AlrmBrodcastReceiver
2014-09-05 14:51:46:792:	AlarmIntentService Default Constructor
2014-09-05 14:51:46:800:	Call AlarmIntentService#onHandleIntent
2014-09-05 14:51:46:805:	GeolocationFacadeを新規作成しました。
2014-09-05 14:51:46:811:	receiveAlarm
2014-09-05 14:51:46:816:	Listenerを起動します
2014-09-05 14:51:46:821:	onTickAlarm
2014-09-05 14:51:46:827:	onTickReceive
2014-09-05 14:51:46:833:	ConnectLocationServiceを起動します
2014-09-05 14:51:46:922:	▼▼▼ START
2014-09-05 14:51:50:163:	Location : (35.4534969, 139.5987917)
2014-09-05 14:51:50:173:	Accuracy : 100.765(m)
2014-09-05 14:51:50:215:	■ change request interval : 30000
2014-09-05 14:51:50:220:	AlarmManagerを再起動します。新たなIntervalは 30000(ms)
2014-09-05 14:52:20:592:	Call AlrmBrodcastReceiver
2014-09-05 14:52:20:615:	AlarmIntentService Default Constructor
2014-09-05 14:52:20:624:	Call AlarmIntentService#onHandleIntent
2014-09-05 14:52:20:633:	GeolocationFacadeを新規作成しました。
2014-09-05 14:52:20:640:	receiveAlarm
2014-09-05 14:52:20:671:	Listenerを起動します
2014-09-05 14:52:20:682:	onTickAlarm
2014-09-05 14:52:20:698:	onTickReceive
2014-09-05 14:52:20:706:	ConnectLocationServiceを起動します
2014-09-05 14:52:20:720:	▼▼▼ START
2014-09-05 14:52:20:794:	Location : (35.4534969, 139.5987917)
2014-09-05 14:52:20:799:	Accuracy : 100.765(m)
2014-09-05 14:52:20:828:	■ change request interval : 30000
2014-09-05 14:52:20:832:	AlarmManagerを再起動します。新たなIntervalは 30000(ms)
2014-09-05 14:52:50:926:	Call AlrmBrodcastReceiver
2014-09-05 14:52:50:966:	AlarmIntentService Default Constructor
2014-09-05 14:52:51:010:	Call AlarmIntentService#onHandleIntent
2014-09-05 14:52:51:082:	GeolocationFacadeを新規作成しました。
2014-09-05 14:52:51:089:	receiveAlarm
2014-09-05 14:52:51:095:	Listenerを起動します
2014-09-05 14:52:51:102:	onTickAlarm
2014-09-05 14:52:51:110:	onTickReceive
2014-09-05 14:52:51:184:	ConnectLocationServiceを起動します
2014-09-05 14:52:51:200:	▼▼▼ START
2014-09-05 14:52:54:283:	Location : (35.4534969, 139.5986259)
2014-09-05 14:52:54:288:	Accuracy : 110.729(m)
2014-09-05 14:53:21:615:	■ change request interval : 30000
2014-09-05 14:53:21:626:	AlarmManagerを再起動します。新たなIntervalは 30000(ms)
2014-09-05 14:53:52:613:	Call AlrmBrodcastReceiver
2014-09-05 14:53:52:648:	AlarmIntentService Default Constructor
2014-09-05 14:53:52:674:	Call AlarmIntentService#onHandleIntent
2014-09-05 14:53:52:732:	GeolocationFacadeを新規作成しました。
2014-09-05 14:53:52:735:	receiveAlarm
2014-09-05 14:53:52:738:	Listenerを起動します
2014-09-05 14:53:52:742:	onTickAlarm
2014-09-05 14:53:52:747:	onTickReceive
2014-09-05 14:53:52:751:	ConnectLocationServiceを起動します
2014-09-05 14:53:52:767:	▼▼▼ START
2014-09-05 14:53:55:884:	Location : (35.4535442, 139.5986873)
2014-09-05 14:54:23:537:	Accuracy : 30.0(m)
2014-09-05 14:54:23:625:	distance:305.2054m, move:7.655695m, time:89250s, speed:0.30880117km/h, interval:1779040ms
2014-09-05 14:54:23:631:	【Interval削除】PrevInterval : 1800000, Interval : 1779040
2014-09-05 14:54:23:688:	■ change request interval : 1779040
2014-09-05 14:54:23:692:	AlarmManagerを再起動します。新たなIntervalは 1779040(ms)
2014-09-05 15:24:04:619:	Call AlrmBrodcastReceiver
2014-09-05 15:24:04:640:	AlarmIntentService Default Constructor
2014-09-05 15:24:04:702:	Call AlarmIntentService#onHandleIntent
2014-09-05 15:24:04:741:	GeolocationFacadeを新規作成しました。
2014-09-05 15:24:04:749:	receiveAlarm
2014-09-05 15:24:04:757:	Listenerを起動します
2014-09-05 15:24:04:763:	onTickAlarm
2014-09-05 15:24:04:770:	onTickReceive
2014-09-05 15:24:04:777:	ConnectLocationServiceを起動します
2014-09-05 15:24:04:816:	▼▼▼ START
2014-09-05 15:24:08:206:	Location : (35.453504, 139.5987027)
2014-09-05 15:24:08:217:	Accuracy : 30.0(m)
2014-09-05 15:24:08:230:	distance:305.22052m, move:4.6741214m, time:1784677s, speed:0.009428506km/h, interval:58269776ms
2014-09-05 15:24:08:347:	■ change request interval : 1800000
2014-09-05 15:24:08:354:	AlarmManagerを再起動します。新たなIntervalは 1800000(ms)
2014-09-05 15:54:08:613:	Call AlrmBrodcastReceiver
2014-09-05 15:54:08:631:	AlarmIntentService Default Constructor
2014-09-05 15:54:08:734:	Call AlarmIntentService#onHandleIntent
2014-09-05 15:54:08:738:	GeolocationFacadeを新規作成しました。
2014-09-05 15:54:08:746:	receiveAlarm
2014-09-05 15:54:08:749:	Listenerを起動します
2014-09-05 15:54:08:752:	onTickAlarm
2014-09-05 15:54:08:755:	onTickReceive
2014-09-05 15:54:08:759:	ConnectLocationServiceを起動します
2014-09-05 15:54:21:593:	▼▼▼ START
2014-09-05 15:54:24:819:	Location : (35.4535559, 139.5987531)
2014-09-05 15:54:51:554:	Accuracy : 30.0(m)
2014-09-05 15:54:51:565:	distance:299.1167m, move:7.3547025m, time:1843338s, speed:0.014363578km/h, interval:37484396ms
2014-09-05 15:54:51:602:	■ change request interval : 1800000
2014-09-05 15:54:51:607:	AlarmManagerを再起動します。新たなIntervalは 1800000(ms)
2014-09-05 16:24:52:256:	Call AlrmBrodcastReceiver
2014-09-05 16:25:16:126:	AlarmIntentService Default Constructor
2014-09-05 16:25:16:144:	Call AlarmIntentService#onHandleIntent
2014-09-05 16:25:16:153:	GeolocationFacadeを新規作成しました。
2014-09-05 16:25:16:190:	receiveAlarm
2014-09-05 16:25:16:194:	Listenerを起動します
2014-09-05 16:25:16:205:	onTickAlarm
2014-09-05 16:25:16:208:	onTickReceive
2014-09-05 16:25:16:237:	ConnectLocationServiceを起動します
2014-09-05 16:25:16:276:	▼▼▼ START
2014-09-05 16:25:19:182:	Location : (35.4535559, 139.5987973)
2014-09-05 16:25:19:228:	Accuracy : 20.574(m)
2014-09-05 16:25:19:234:	distance:295.28894m, move:4.012546m, time:1827674s, speed:0.007903579km/h, interval:67250560ms
2014-09-05 16:25:19:825:	■ change request interval : 1800000
2014-09-05 16:25:19:911:	AlarmManagerを再起動します。新たなIntervalは 1800000(ms)
2014-09-05 16:55:20:617:	Call AlrmBrodcastReceiver
2014-09-05 16:55:20:636:	AlarmIntentService Default Constructor
2014-09-05 16:55:20:698:	Call AlarmIntentService#onHandleIntent
2014-09-05 16:55:20:705:	GeolocationFacadeを新規作成しました。
2014-09-05 16:55:20:718:	receiveAlarm
2014-09-05 16:55:20:724:	Listenerを起動します
2014-09-05 16:55:20:729:	onTickAlarm
2014-09-05 16:55:20:733:	onTickReceive
2014-09-05 16:55:20:737:	ConnectLocationServiceを起動します
2014-09-05 16:55:20:765:	▼▼▼ START
2014-09-05 16:55:23:997:	Location : (35.4535873, 139.5985974)
2014-09-05 16:55:37:555:	Accuracy : 20.0(m)
2014-09-05 16:55:37:586:	distance:311.62033m, move:18.47861m, time:1804777s, speed:0.036859393km/h, interval:15217737ms
2014-09-05 16:55:37:636:	■ change request interval : 1800000
2014-09-05 16:55:37:639:	AlarmManagerを再起動します。新たなIntervalは 1800000(ms)
2014-09-05 17:25:37:687:	Call AlrmBrodcastReceiver
2014-09-05 17:25:37:723:	AlarmIntentService Default Constructor
2014-09-05 17:25:37:741:	Call AlarmIntentService#onHandleIntent
2014-09-05 17:25:37:753:	GeolocationFacadeを新規作成しました。
2014-09-05 17:25:37:766:	receiveAlarm
2014-09-05 17:25:37:778:	Listenerを起動します
2014-09-05 17:25:37:792:	onTickAlarm
2014-09-05 17:25:37:802:	onTickReceive
2014-09-05 17:25:37:813:	ConnectLocationServiceを起動します
2014-09-05 17:25:37:855:	▼▼▼ START
2014-09-05 17:25:40:821:	Location : (35.4535213, 139.598635)
2014-09-05 17:25:40:830:	Accuracy : 30.0(m)
2014-09-05 17:25:40:861:	distance:310.49548m, move:8.079115m, time:1816823s, speed:0.016008612km/h, interval:34911952ms
2014-09-05 17:25:40:915:	■ change request interval : 1800000
2014-09-05 17:25:40:925:	AlarmManagerを再起動します。新たなIntervalは 1800000(ms)
2014-09-05 17:55:41:060:	Call AlrmBrodcastReceiver
2014-09-05 17:55:41:074:	AlarmIntentService Default Constructor
2014-09-05 17:56:06:735:	Call AlarmIntentService#onHandleIntent
2014-09-05 17:56:06:739:	GeolocationFacadeを新規作成しました。
2014-09-05 17:56:06:743:	receiveAlarm
2014-09-05 17:56:06:748:	Listenerを起動します
2014-09-05 17:56:06:751:	onTickAlarm
2014-09-05 17:56:06:754:	onTickReceive
2014-09-05 17:56:06:758:	ConnectLocationServiceを起動します
2014-09-05 17:56:06:774:	▼▼▼ START
2014-09-05 17:56:10:093:	Location : (35.4535955, 139.5986666)
2014-09-05 17:56:10:099:	Accuracy : 30.0(m)
2014-09-05 17:56:16:545:	distance:305.34003m, move:8.717912m, time:1829272s, speed:0.017156817km/h, interval:32034618ms
2014-09-05 17:56:16:601:	■ change request interval : 1800000
2014-09-05 17:56:16:614:	AlarmManagerを再起動します。新たなIntervalは 1800000(ms)
2014-09-05 18:26:16:732:	Call AlrmBrodcastReceiver
2014-09-05 18:26:16:747:	AlarmIntentService Default Constructor
2014-09-05 18:26:23:670:	Call AlarmIntentService#onHandleIntent
2014-09-05 18:26:23:686:	GeolocationFacadeを新規作成しました。
2014-09-05 18:26:23:693:	receiveAlarm
2014-09-05 18:26:23:700:	Listenerを起動します
2014-09-05 18:26:23:706:	onTickAlarm
2014-09-05 18:26:23:713:	onTickReceive
2014-09-05 18:26:23:719:	ConnectLocationServiceを起動します
2014-09-05 18:26:23:807:	▼▼▼ START
2014-09-05 18:26:29:072:	Location : (35.4520611, 139.6080774)
2014-09-05 18:26:34:589:	Accuracy : 939.0(m)
2014-09-05 18:26:34:744:	■ change request interval : 30000
2014-09-05 18:26:34:749:	AlarmManagerを再起動します。新たなIntervalは 30000(ms)
2014-09-05 18:27:05:620:	Call AlrmBrodcastReceiver
2014-09-05 18:27:05:638:	AlarmIntentService Default Constructor
2014-09-05 18:27:05:679:	Call AlarmIntentService#onHandleIntent
2014-09-05 18:27:05:722:	GeolocationFacadeを新規作成しました。
2014-09-05 18:27:05:729:	receiveAlarm
2014-09-05 18:27:05:737:	Listenerを起動します
2014-09-05 18:27:05:744:	onTickAlarm
2014-09-05 18:27:05:751:	onTickReceive
2014-09-05 18:27:05:760:	ConnectLocationServiceを起動します
2014-09-05 18:27:05:833:	▼▼▼ START
2014-09-05 18:27:05:953:	Location : (35.4535751, 139.5987532)
2014-09-05 18:27:05:955:	Accuracy : 107.664(m)
2014-09-05 18:27:05:984:	■ change request interval : 30000
2014-09-05 18:27:05:986:	AlarmManagerを再起動します。新たなIntervalは 30000(ms)
2014-09-05 18:27:06:130:	Location : (35.4535751, 139.5987532)
2014-09-05 18:27:06:136:	Accuracy : 76.13(m)
2014-09-05 18:27:09:578:	■ change request interval : 1800000
2014-09-05 18:27:09:582:	AlarmManagerを再起動します。新たなIntervalは 1800000(ms)
2014-09-05 18:57:10:290:	Call AlrmBrodcastReceiver
2014-09-05 18:58:44:544:	AlarmIntentService Default Constructor
2014-09-05 18:58:44:561:	Call AlarmIntentService#onHandleIntent
2014-09-05 18:58:44:577:	GeolocationFacadeを新規作成しました。
2014-09-05 18:58:44:582:	receiveAlarm
2014-09-05 18:58:44:588:	Listenerを起動します
2014-09-05 18:58:44:615:	onTickAlarm
2014-09-05 18:58:44:624:	onTickReceive
2014-09-05 18:58:44:631:	ConnectLocationServiceを起動します
2014-09-05 18:58:44:703:	▼▼▼ START
2014-09-05 18:58:48:537:	Location : (35.4535471, 139.5987365)
2014-09-05 18:58:48:541:	Accuracy : 123.753(m)
2014-09-05 18:58:48:582:	■ change request interval : 30000
2014-09-05 18:58:48:585:	AlarmManagerを再起動します。新たなIntervalは 30000(ms)
2014-09-05 18:59:18:749:	Call AlrmBrodcastReceiver
2014-09-05 18:59:18:793:	AlarmIntentService Default Constructor
2014-09-05 18:59:18:802:	Call AlarmIntentService#onHandleIntent
2014-09-05 18:59:18:808:	GeolocationFacadeを新規作成しました。
2014-09-05 18:59:18:815:	receiveAlarm
2014-09-05 18:59:18:821:	Listenerを起動します
2014-09-05 18:59:18:828:	onTickAlarm
2014-09-05 18:59:18:836:	onTickReceive
2014-09-05 18:59:18:842:	ConnectLocationServiceを起動します
2014-09-05 18:59:18:876:	▼▼▼ START
2014-09-05 18:59:19:174:	Location : (35.4535471, 139.5987365)
2014-09-05 18:59:19:177:	Accuracy : 123.753(m)
2014-09-05 18:59:49:538:	■ change request interval : 30000
2014-09-05 18:59:49:549:	AlarmManagerを再起動します。新たなIntervalは 30000(ms)
2014-09-05 19:00:19:751:	Call AlrmBrodcastReceiver
2014-09-05 19:00:19:762:	AlarmIntentService Default Constructor
2014-09-05 19:00:19:767:	Call AlarmIntentService#onHandleIntent
2014-09-05 19:00:19:770:	GeolocationFacadeを新規作成しました。
2014-09-05 19:00:19:774:	receiveAlarm
2014-09-05 19:00:19:777:	Listenerを起動します
2014-09-05 19:00:19:780:	onTickAlarm
2014-09-05 19:00:19:784:	onTickReceive
2014-09-05 19:00:19:788:	ConnectLocationServiceを起動します
2014-09-05 19:00:19:798:	▼▼▼ START
2014-09-05 19:00:19:889:	Location : (35.4535471, 139.5987365)
2014-09-05 19:00:19:892:	Accuracy : 123.753(m)
2014-09-05 19:00:19:910:	■ change request interval : 30000
2014-09-05 19:00:19:913:	AlarmManagerを再起動します。新たなIntervalは 30000(ms)
2014-09-05 19:00:50:638:	Call AlrmBrodcastReceiver
2014-09-05 19:00:50:727:	AlarmIntentService Default Constructor
2014-09-05 19:00:50:737:	Call AlarmIntentService#onHandleIntent
2014-09-05 19:00:50:744:	GeolocationFacadeを新規作成しました。
2014-09-05 19:00:50:747:	receiveAlarm
2014-09-05 19:00:50:750:	Listenerを起動します
2014-09-05 19:00:50:753:	onTickAlarm
2014-09-05 19:00:50:756:	onTickReceive
2014-09-05 19:00:50:759:	ConnectLocationServiceを起動します
2014-09-05 19:00:50:770:	▼▼▼ START
2014-09-05 19:01:11:708:	Location : (35.453429, 139.5997584)
2014-09-05 19:01:11:719:	Accuracy : 46.334(m)
2014-09-05 19:01:11:732:	distance:218.21585m, move:93.69057m, time:51822s, speed:6.5085497km/h, interval:60349ms
2014-09-05 19:01:11:741:	【Interval削除】PrevInterval : 1800000, Interval : 60349
2014-09-05 19:01:11:781:	■ change request interval : 60349
2014-09-05 19:01:11:784:	AlarmManagerを再起動します。新たなIntervalは 60349(ms)
2014-09-05 19:02:12:185:	Call AlrmBrodcastReceiver
2014-09-05 19:02:12:225:	AlarmIntentService Default Constructor
2014-09-05 19:02:12:246:	Call AlarmIntentService#onHandleIntent
2014-09-05 19:02:12:253:	GeolocationFacadeを新規作成しました。
2014-09-05 19:02:12:259:	receiveAlarm
2014-09-05 19:02:12:265:	Listenerを起動します
2014-09-05 19:02:12:271:	onTickAlarm
2014-09-05 19:02:12:278:	onTickReceive
2014-09-05 19:02:12:285:	ConnectLocationServiceを起動します
2014-09-05 19:02:12:301:	▼▼▼ START
2014-09-05 19:02:16:303:	Location : (35.4545817, 139.6039332)
2014-09-05 19:02:16:320:	Accuracy : 47.537(m)
2014-09-05 19:02:16:330:	distance:164.16809m, move:399.98956m, time:64603s, speed:22.289406km/h, interval:13257ms
2014-09-05 19:02:16:373:	■ change request interval : 30000
2014-09-05 19:02:16:379:	AlarmManagerを再起動します。新たなIntervalは 30000(ms)
2014-09-05 19:02:46:629:	Call AlrmBrodcastReceiver
2014-09-05 19:02:46:701:	AlarmIntentService Default Constructor
2014-09-05 19:02:46:735:	Call AlarmIntentService#onHandleIntent
2014-09-05 19:02:46:794:	GeolocationFacadeを新規作成しました。
2014-09-05 19:02:46:797:	receiveAlarm
2014-09-05 19:02:46:800:	Listenerを起動します
2014-09-05 19:02:46:803:	onTickAlarm
2014-09-05 19:02:46:806:	onTickReceive
2014-09-05 19:02:46:809:	ConnectLocationServiceを起動します
2014-09-05 19:02:46:817:	▼▼▼ START
2014-09-05 19:03:17:579:	Location : (35.4545817, 139.6039332)
2014-09-05 19:03:17:608:	Accuracy : 47.537(m)
2014-09-05 19:03:17:655:	■ change request interval : 1800000
2014-09-05 19:03:17:680:	AlarmManagerを再起動します。新たなIntervalは 1800000(ms)
2014-09-05 19:33:17:728:	Call AlrmBrodcastReceiver
2014-09-05 19:33:17:742:	AlarmIntentService Default Constructor
2014-09-05 19:33:17:759:	Call AlarmIntentService#onHandleIntent
2014-09-05 19:33:17:766:	GeolocationFacadeを新規作成しました。
2014-09-05 19:33:17:773:	receiveAlarm
2014-09-05 19:33:17:780:	Listenerを起動します
2014-09-05 19:33:17:788:	onTickAlarm
2014-09-05 19:33:17:794:	onTickReceive
2014-09-05 19:33:17:801:	ConnectLocationServiceを起動します
2014-09-05 19:33:17:831:	▼▼▼ START
2014-09-05 19:33:20:822:	Location : (35.4544826, 139.6035781)
2014-09-05 19:33:20:840:	Accuracy : 30.0(m)
2014-09-05 19:33:20:852:	distance:139.90399m, move:34.059658m, time:1803231s, speed:0.06799726km/h, interval:3703490ms
2014-09-05 19:33:20:894:	■ change request interval : 1800000
2014-09-05 19:33:20:900:	AlarmManagerを再起動します。新たなIntervalは 1800000(ms)
2014-09-05 20:03:20:993:	Call AlrmBrodcastReceiver
2014-09-05 20:03:21:007:	AlarmIntentService Default Constructor
2014-09-05 20:03:22:665:	Call AlarmIntentService#onHandleIntent
2014-09-05 20:03:22:675:	GeolocationFacadeを新規作成しました。
2014-09-05 20:03:22:685:	receiveAlarm
2014-09-05 20:03:22:691:	Listenerを起動します
2014-09-05 20:03:22:697:	onTickAlarm
2014-09-05 20:03:22:704:	onTickReceive
2014-09-05 20:03:22:712:	ConnectLocationServiceを起動します
2014-09-05 20:03:22:790:	▼▼▼ START
2014-09-05 20:03:52:617:	Location : (35.4544787, 139.6035395)
2014-09-05 20:03:52:634:	Accuracy : 30.0(m)
2014-09-05 20:03:52:647:	distance:137.29044m, move:3.5307438m, time:1831794s, speed:0.006938923km/h, interval:35613996ms
2014-09-05 20:03:52:695:	■ change request interval : 1800000
2014-09-05 20:03:52:701:	AlarmManagerを再起動します。新たなIntervalは 1800000(ms)
2014-09-05 20:33:53:619:	Call AlrmBrodcastReceiver
2014-09-05 20:33:53:637:	AlarmIntentService Default Constructor
2014-09-05 20:33:53:683:	Call AlarmIntentService#onHandleIntent
2014-09-05 20:33:53:692:	GeolocationFacadeを新規作成しました。
2014-09-05 20:33:53:698:	receiveAlarm
2014-09-05 20:33:53:705:	Listenerを起動します
2014-09-05 20:33:53:712:	onTickAlarm
2014-09-05 20:33:53:719:	onTickReceive
2014-09-05 20:33:53:725:	ConnectLocationServiceを起動します
2014-09-05 20:33:53:838:	▼▼▼ START
2014-09-05 20:33:58:981:	Location : (35.4545079, 139.603551)
2014-09-05 20:33:59:003:	Accuracy : 26.258(m)
2014-09-05 20:33:59:016:	distance:140.38521m, move:3.4037623m, time:1806368s, speed:0.0067835264km/h, interval:37251036ms
2014-09-05 20:33:59:070:	■ change request interval : 1800000
2014-09-05 20:33:59:077:	AlarmManagerを再起動します。新たなIntervalは 1800000(ms)
2014-09-05 21:03:59:156:	Call AlrmBrodcastReceiver
2014-09-05 21:03:59:171:	AlarmIntentService Default Constructor
2014-09-05 21:11:36:738:	Call AlarmIntentService#onHandleIntent
2014-09-05 21:11:36:745:	GeolocationFacadeを新規作成しました。
2014-09-05 21:11:36:752:	receiveAlarm
2014-09-05 21:11:36:758:	Listenerを起動します
2014-09-05 21:11:36:760:	onTickAlarm
2014-09-05 21:11:36:763:	onTickReceive
2014-09-05 21:11:36:765:	ConnectLocationServiceを起動します
2014-09-05 21:11:36:787:	▼▼▼ START
2014-09-05 21:11:42:216:	Location : (35.4546052, 139.6040113)
2014-09-05 21:11:42:235:	Accuracy : 53.385(m)
2014-09-05 21:12:07:618:	distance:167.27617m, move:43.15819m, time:2263234s, speed:0.06864932km/h, interval:4386017ms
2014-09-05 21:12:07:704:	■ change request interval : 1800000
2014-09-05 21:12:07:721:	AlarmManagerを再起動します。新たなIntervalは 1800000(ms)
2014-09-05 21:42:09:629:	Call AlrmBrodcastReceiver
2014-09-05 21:42:30:047:	AlarmIntentService Default Constructor
2014-09-05 21:42:30:074:	Call AlarmIntentService#onHandleIntent
2014-09-05 21:42:30:086:	GeolocationFacadeを新規作成しました。
2014-09-05 21:42:30:093:	receiveAlarm
2014-09-05 21:42:30:095:	Listenerを起動します
2014-09-05 21:42:30:098:	onTickAlarm
2014-09-05 21:42:30:100:	onTickReceive
2014-09-05 21:42:30:136:	ConnectLocationServiceを起動します
2014-09-05 21:42:30:185:	▼▼▼ START
2014-09-05 21:43:01:089:	Location : (35.4830685, 139.6287471)
2014-09-05 21:43:01:234:	Accuracy : 1847.0(m)
2014-09-05 21:43:01:284:	■ change request interval : 30000
2014-09-05 21:43:01:286:	AlarmManagerを再起動します。新たなIntervalは 30000(ms)
2014-09-05 21:43:31:317:	Call AlrmBrodcastReceiver
2014-09-05 21:43:31:323:	AlarmIntentService Default Constructor
2014-09-05 21:43:31:331:	Call AlarmIntentService#onHandleIntent
2014-09-05 21:43:31:336:	GeolocationFacadeを新規作成しました。
2014-09-05 21:43:31:353:	receiveAlarm
2014-09-05 21:43:31:375:	Listenerを起動します
2014-09-05 21:43:31:377:	onTickAlarm
2014-09-05 21:43:31:381:	onTickReceive
2014-09-05 21:43:31:389:	ConnectLocationServiceを起動します
2014-09-05 21:43:31:406:	▼▼▼ START
2014-09-05 21:43:31:474:	Location : (35.4951644, 139.6305908)
2014-09-05 21:43:31:477:	Accuracy : 1847.0(m)
2014-09-05 21:43:31:504:	■ change request interval : 30000
2014-09-05 21:43:31:506:	AlarmManagerを再起動します。新たなIntervalは 30000(ms)
2014-09-05 21:44:01:624:	Call AlrmBrodcastReceiver
2014-09-05 21:44:01:647:	AlarmIntentService Default Constructor
2014-09-05 21:44:01:709:	Call AlarmIntentService#onHandleIntent
2014-09-05 21:44:01:739:	GeolocationFacadeを新規作成しました。
2014-09-05 21:44:01:745:	receiveAlarm
2014-09-05 21:44:01:749:	Listenerを起動します
2014-09-05 21:44:01:752:	onTickAlarm
2014-09-05 21:44:01:759:	onTickReceive
2014-09-05 21:44:01:762:	ConnectLocationServiceを起動します
2014-09-05 21:44:01:799:	▼▼▼ START
2014-09-05 21:44:09:834:	Location : (35.5012124, 139.6315129)
2014-09-05 21:44:09:841:	Accuracy : 1862.0(m)
2014-09-05 21:44:09:895:	■ change request interval : 30000
2014-09-05 21:44:09:901:	AlarmManagerを再起動します。新たなIntervalは 30000(ms)
2014-09-05 21:44:39:964:	Call AlrmBrodcastReceiver
2014-09-05 21:44:40:015:	AlarmIntentService Default Constructor
2014-09-05 21:44:40:033:	Call AlarmIntentService#onHandleIntent
2014-09-05 21:44:40:038:	GeolocationFacadeを新規作成しました。
2014-09-05 21:44:40:042:	receiveAlarm
2014-09-05 21:44:40:048:	Listenerを起動します
2014-09-05 21:44:40:053:	onTickAlarm
2014-09-05 21:44:40:057:	onTickReceive
2014-09-05 21:44:40:061:	ConnectLocationServiceを起動します
2014-09-05 21:44:40:090:	▼▼▼ START
2014-09-05 21:44:40:219:	Location : (35.5012124, 139.6315129)
2014-09-05 21:44:40:225:	Accuracy : 1862.0(m)
2014-09-05 21:44:40:256:	■ change request interval : 30000
2014-09-05 21:44:40:260:	AlarmManagerを再起動します。新たなIntervalは 30000(ms)
2014-09-05 21:45:10:781:	Call AlrmBrodcastReceiver
2014-09-05 21:45:10:792:	AlarmIntentService Default Constructor
2014-09-05 21:45:10:802:	Call AlarmIntentService#onHandleIntent
2014-09-05 21:45:10:808:	GeolocationFacadeを新規作成しました。
2014-09-05 21:45:10:814:	receiveAlarm
2014-09-05 21:45:10:819:	Listenerを起動します
2014-09-05 21:45:10:825:	onTickAlarm
2014-09-05 21:45:10:832:	onTickReceive
2014-09-05 21:45:10:839:	ConnectLocationServiceを起動します
2014-09-05 21:45:10:865:	▼▼▼ START
2014-09-05 21:45:17:824:	Location : (35.5012124, 139.6315129)
2014-09-05 21:45:17:846:	Accuracy : 1862.0(m)
2014-09-05 21:45:17:872:	■ change request interval : 30000
2014-09-05 21:45:17:878:	AlarmManagerを再起動します。新たなIntervalは 30000(ms)
2014-09-05 21:45:49:179:	Call AlrmBrodcastReceiver
2014-09-05 21:45:49:191:	AlarmIntentService Default Constructor
2014-09-05 21:45:49:215:	Call AlarmIntentService#onHandleIntent
2014-09-05 21:45:49:218:	GeolocationFacadeを新規作成しました。
2014-09-05 21:45:49:221:	receiveAlarm
2014-09-05 21:45:49:226:	Listenerを起動します
2014-09-05 21:45:49:231:	onTickAlarm
2014-09-05 21:45:49:233:	onTickReceive
2014-09-05 21:45:49:236:	ConnectLocationServiceを起動します
2014-09-05 21:45:49:256:	▼▼▼ START
2014-09-05 21:45:49:818:	Location : (35.4984898, 139.6310498)
2014-09-05 21:45:49:838:	Accuracy : 1892.0(m)
2014-09-05 21:45:49:872:	■ change request interval : 30000
2014-09-05 21:45:49:875:	AlarmManagerを再起動します。新たなIntervalは 30000(ms)
2014-09-05 21:46:20:045:	Call AlrmBrodcastReceiver
2014-09-05 21:46:20:088:	AlarmIntentService Default Constructor
2014-09-05 21:46:20:099:	Call AlarmIntentService#onHandleIntent
2014-09-05 21:46:20:107:	GeolocationFacadeを新規作成しました。
2014-09-05 21:46:20:115:	receiveAlarm
2014-09-05 21:46:20:121:	Listenerを起動します
2014-09-05 21:46:20:128:	onTickAlarm
2014-09-05 21:46:20:135:	onTickReceive
2014-09-05 21:46:20:142:	ConnectLocationServiceを起動します
2014-09-05 21:46:20:162:	▼▼▼ START
2014-09-05 21:46:22:433:	Location : (35.4984898, 139.6310498)
2014-09-05 21:46:22:469:	Accuracy : 1892.0(m)
2014-09-05 21:46:22:539:	■ change request interval : 30000
2014-09-05 21:46:22:549:	AlarmManagerを再起動します。新たなIntervalは 30000(ms)
2014-09-05 21:46:52:688:	Call AlrmBrodcastReceiver
2014-09-05 21:46:52:701:	AlarmIntentService Default Constructor
2014-09-05 21:46:52:893:	Call AlarmIntentService#onHandleIntent
2014-09-05 21:46:52:910:	GeolocationFacadeを新規作成しました。
2014-09-05 21:46:52:918:	receiveAlarm
2014-09-05 21:46:52:931:	Listenerを起動します
2014-09-05 21:46:52:938:	onTickAlarm
2014-09-05 21:46:52:944:	onTickReceive
2014-09-05 21:46:52:953:	ConnectLocationServiceを起動します
2014-09-05 21:46:53:003:	▼▼▼ START
2014-09-05 21:46:53:162:	Location : (35.4862679, 139.6301377)
2014-09-05 21:46:53:178:	Accuracy : 972.0(m)
2014-09-05 21:46:53:221:	■ change request interval : 30000
2014-09-05 21:46:53:229:	AlarmManagerを再起動します。新たなIntervalは 30000(ms)
2014-09-05 21:47:23:282:	Call AlrmBrodcastReceiver
2014-09-05 21:47:23:297:	AlarmIntentService Default Constructor
2014-09-05 21:47:23:317:	Call AlarmIntentService#onHandleIntent
2014-09-05 21:47:23:324:	GeolocationFacadeを新規作成しました。
2014-09-05 21:47:23:330:	receiveAlarm
2014-09-05 21:47:23:337:	Listenerを起動します
2014-09-05 21:47:23:344:	onTickAlarm
2014-09-05 21:47:23:350:	onTickReceive
2014-09-05 21:47:23:357:	ConnectLocationServiceを起動します
2014-09-05 21:47:23:485:	▼▼▼ START
2014-09-05 21:47:26:876:	Location : (35.4885779, 139.626634)
2014-09-05 21:47:26:883:	Accuracy : 904.0(m)
2014-09-05 21:47:26:938:	■ change request interval : 30000
2014-09-05 21:47:26:957:	AlarmManagerを再起動します。新たなIntervalは 30000(ms)
2014-09-05 21:47:57:167:	Call AlrmBrodcastReceiver
2014-09-05 21:47:57:180:	AlarmIntentService Default Constructor
2014-09-05 21:47:57:315:	Call AlarmIntentService#onHandleIntent
2014-09-05 21:47:57:425:	GeolocationFacadeを新規作成しました。
2014-09-05 21:47:57:467:	receiveAlarm
2014-09-05 21:48:02:724:	Listenerを起動します
2014-09-05 21:48:02:727:	onTickAlarm
2014-09-05 21:48:02:730:	onTickReceive
2014-09-05 21:48:02:733:	ConnectLocationServiceを起動します
2014-09-05 21:48:02:746:	▼▼▼ START
2014-09-05 21:48:02:857:	Location : (35.4908315, 139.6294106)
2014-09-05 21:48:02:868:	Accuracy : 871.0(m)
2014-09-05 21:48:02:906:	■ change request interval : 30000
2014-09-05 21:48:02:909:	AlarmManagerを再起動します。新たなIntervalは 30000(ms)
2014-09-05 21:48:32:960:	Call AlrmBrodcastReceiver
2014-09-05 21:48:32:988:	AlarmIntentService Default Constructor
2014-09-05 21:48:33:047:	Call AlarmIntentService#onHandleIntent
2014-09-05 21:48:33:085:	GeolocationFacadeを新規作成しました。
2014-09-05 21:48:33:091:	receiveAlarm
2014-09-05 21:48:33:096:	Listenerを起動します
2014-09-05 21:48:33:102:	onTickAlarm
2014-09-05 21:48:33:107:	onTickReceive
2014-09-05 21:48:33:112:	ConnectLocationServiceを起動します
2014-09-05 21:48:33:142:	▼▼▼ START
2014-09-05 21:48:37:896:	Location : (35.4930851, 139.6321872)
2014-09-05 21:48:37:903:	Accuracy : 871.0(m)
2014-09-05 21:48:38:417:	■ change request interval : 30000
2014-09-05 21:48:38:425:	AlarmManagerを再起動します。新たなIntervalは 30000(ms)
2014-09-05 21:49:08:617:	Call AlrmBrodcastReceiver
2014-09-05 21:49:08:654:	AlarmIntentService Default Constructor
2014-09-05 21:49:08:681:	Call AlarmIntentService#onHandleIntent
2014-09-05 21:49:08:781:	GeolocationFacadeを新規作成しました。
2014-09-05 21:49:08:787:	receiveAlarm
2014-09-05 21:49:08:798:	Listenerを起動します
2014-09-05 21:49:08:803:	onTickAlarm
2014-09-05 21:49:08:809:	onTickReceive
2014-09-05 21:49:08:815:	ConnectLocationServiceを起動します
2014-09-05 21:49:08:835:	▼▼▼ START
2014-09-05 21:49:08:936:	Location : (35.5033722, 139.6329251)
2014-09-05 21:49:08:945:	Accuracy : 989.0(m)
2014-09-05 21:49:08:992:	■ change request interval : 30000
2014-09-05 21:49:08:995:	AlarmManagerを再起動します。新たなIntervalは 30000(ms)
2014-09-05 21:49:39:657:	Call AlrmBrodcastReceiver
2014-09-05 21:49:39:673:	AlarmIntentService Default Constructor
2014-09-05 21:49:39:713:	Call AlarmIntentService#onHandleIntent
2014-09-05 21:49:39:752:	GeolocationFacadeを新規作成しました。
2014-09-05 21:49:39:757:	receiveAlarm
2014-09-05 21:49:39:761:	Listenerを起動します
2014-09-05 21:49:39:765:	onTickAlarm
2014-09-05 21:49:39:768:	onTickReceive
2014-09-05 21:49:39:772:	ConnectLocationServiceを起動します
2014-09-05 21:49:39:798:	▼▼▼ START
2014-09-05 21:49:45:824:	Location : (35.5090934, 139.6330634)
2014-09-05 21:49:45:828:	Accuracy : 982.0(m)
2014-09-05 21:49:45:859:	■ change request interval : 30000
2014-09-05 21:49:45:863:	AlarmManagerを再起動します。新たなIntervalは 30000(ms)
2014-09-05 21:50:16:637:	Call AlrmBrodcastReceiver
2014-09-05 21:50:16:690:	AlarmIntentService Default Constructor
2014-09-05 21:50:16:800:	Call AlarmIntentService#onHandleIntent
2014-09-05 21:50:16:811:	GeolocationFacadeを新規作成しました。
2014-09-05 21:50:16:841:	receiveAlarm
2014-09-05 21:50:16:866:	Listenerを起動します
2014-09-05 21:50:16:876:	onTickAlarm
2014-09-05 21:50:16:879:	onTickReceive
2014-09-05 21:50:16:883:	ConnectLocationServiceを起動します
2014-09-05 21:50:16:892:	▼▼▼ START
2014-09-05 21:50:17:016:	Location : (35.5114126, 139.6318011)
2014-09-05 21:50:17:026:	Accuracy : 982.0(m)
2014-09-05 21:50:17:049:	■ change request interval : 30000
2014-09-05 21:50:17:050:	AlarmManagerを再起動します。新たなIntervalは 30000(ms)
2014-09-05 21:50:47:098:	Call AlrmBrodcastReceiver
2014-09-05 21:50:47:117:	AlarmIntentService Default Constructor
2014-09-05 21:50:47:158:	Call AlarmIntentService#onHandleIntent
2014-09-05 21:50:47:165:	GeolocationFacadeを新規作成しました。
2014-09-05 21:50:47:237:	receiveAlarm
2014-09-05 21:50:47:242:	Listenerを起動します
2014-09-05 21:50:47:247:	onTickAlarm
2014-09-05 21:50:47:252:	onTickReceive
2014-09-05 21:50:47:256:	ConnectLocationServiceを起動します
2014-09-05 21:50:47:277:	▼▼▼ START
2014-09-05 21:50:52:594:	Location : (35.5114126, 139.6318011)
2014-09-05 21:50:52:596:	Accuracy : 982.0(m)
2014-09-05 21:50:52:631:	■ change request interval : 30000
2014-09-05 21:50:52:634:	AlarmManagerを再起動します。新たなIntervalは 30000(ms)
2014-09-05 21:51:22:728:	Call AlrmBrodcastReceiver
2014-09-05 21:51:22:780:	AlarmIntentService Default Constructor
2014-09-05 21:51:22:789:	Call AlarmIntentService#onHandleIntent
2014-09-05 21:51:22:797:	GeolocationFacadeを新規作成しました。
2014-09-05 21:51:22:806:	receiveAlarm
2014-09-05 21:51:22:815:	Listenerを起動します
2014-09-05 21:51:22:822:	onTickAlarm
2014-09-05 21:51:22:828:	onTickReceive
2014-09-05 21:51:22:836:	ConnectLocationServiceを起動します
2014-09-05 21:51:22:857:	▼▼▼ START
2014-09-05 21:51:23:006:	Location : (35.5137485, 139.6314878)
2014-09-05 21:51:23:011:	Accuracy : 961.0(m)
2014-09-05 21:51:23:045:	■ change request interval : 30000
2014-09-05 21:51:23:050:	AlarmManagerを再起動します。新たなIntervalは 30000(ms)
2014-09-05 21:51:53:099:	Call AlrmBrodcastReceiver
2014-09-05 21:51:53:117:	AlarmIntentService Default Constructor
2014-09-05 21:51:53:153:	Call AlarmIntentService#onHandleIntent
2014-09-05 21:51:53:216:	GeolocationFacadeを新規作成しました。
2014-09-05 21:51:53:227:	receiveAlarm
2014-09-05 21:51:53:232:	Listenerを起動します
2014-09-05 21:51:53:237:	onTickAlarm
2014-09-05 21:51:53:243:	onTickReceive
2014-09-05 21:51:53:248:	ConnectLocationServiceを起動します
2014-09-05 21:51:53:267:	▼▼▼ START
2014-09-05 21:52:23:746:	Location : (35.5252915, 139.6330633)
2014-09-05 21:52:29:671:	Accuracy : 915.0(m)
2014-09-05 21:52:29:722:	■ change request interval : 30000
2014-09-05 21:52:29:729:	AlarmManagerを再起動します。新たなIntervalは 30000(ms)
2014-09-05 21:53:00:625:	Call AlrmBrodcastReceiver
2014-09-05 21:53:00:656:	AlarmIntentService Default Constructor
2014-09-05 21:53:00:696:	Call AlarmIntentService#onHandleIntent
2014-09-05 21:53:00:759:	GeolocationFacadeを新規作成しました。
2014-09-05 21:53:00:767:	receiveAlarm
2014-09-05 21:53:00:775:	Listenerを起動します
2014-09-05 21:53:00:781:	onTickAlarm
2014-09-05 21:53:00:789:	onTickReceive
2014-09-05 21:53:00:796:	ConnectLocationServiceを起動します
2014-09-05 21:53:00:829:	▼▼▼ START
2014-09-05 21:53:35:698:	Location : (35.5311624, 139.634295)
2014-09-05 21:53:35:718:	Accuracy : 797.0(m)
2014-09-05 21:53:35:791:	■ change request interval : 30000
2014-09-05 21:53:35:797:	AlarmManagerを再起動します。新たなIntervalは 30000(ms)
2014-09-05 21:54:06:599:	Call AlrmBrodcastReceiver
2014-09-05 21:54:06:620:	AlarmIntentService Default Constructor
2014-09-05 21:54:06:632:	Call AlarmIntentService#onHandleIntent
2014-09-05 21:54:06:644:	GeolocationFacadeを新規作成しました。
2014-09-05 21:54:06:651:	receiveAlarm
2014-09-05 21:54:06:658:	Listenerを起動します
2014-09-05 21:54:06:667:	onTickAlarm
2014-09-05 21:54:06:723:	onTickReceive
2014-09-05 21:54:06:730:	ConnectLocationServiceを起動します
2014-09-05 21:54:06:753:	▼▼▼ START
2014-09-05 21:54:37:479:	Location : (35.5354516, 139.6355097)
2014-09-05 21:54:37:483:	Accuracy : 847.0(m)
2014-09-05 21:54:47:615:	■ change request interval : 30000
2014-09-05 21:54:47:618:	AlarmManagerを再起動します。新たなIntervalは 30000(ms)
2014-09-05 21:55:18:622:	Call AlrmBrodcastReceiver
2014-09-05 21:55:18:639:	AlarmIntentService Default Constructor
2014-09-05 21:55:18:688:	Call AlarmIntentService#onHandleIntent
2014-09-05 21:55:18:737:	GeolocationFacadeを新規作成しました。
2014-09-05 21:55:18:743:	receiveAlarm
2014-09-05 21:55:18:746:	Listenerを起動します
2014-09-05 21:55:18:749:	onTickAlarm
2014-09-05 21:55:18:753:	onTickReceive
2014-09-05 21:55:18:761:	ConnectLocationServiceを起動します
2014-09-05 21:55:18:784:	▼▼▼ START
2014-09-05 21:55:49:748:	Location : (35.5496888, 139.6448346)
2014-09-05 21:55:49:758:	Accuracy : 1157.0(m)
2014-09-05 21:56:19:599:	■ change request interval : 30000
2014-09-05 21:56:19:611:	AlarmManagerを再起動します。新たなIntervalは 30000(ms)
2014-09-05 21:56:49:662:	Call AlrmBrodcastReceiver
2014-09-05 21:56:49:689:	AlarmIntentService Default Constructor
2014-09-05 21:56:49:712:	Call AlarmIntentService#onHandleIntent
2014-09-05 21:56:49:726:	GeolocationFacadeを新規作成しました。
2014-09-05 21:56:49:733:	receiveAlarm
2014-09-05 21:56:49:739:	Listenerを起動します
2014-09-05 21:56:49:744:	onTickAlarm
2014-09-05 21:56:49:749:	onTickReceive
2014-09-05 21:56:49:756:	ConnectLocationServiceを起動します
2014-09-05 21:56:49:786:	▼▼▼ START
2014-09-05 21:56:50:433:	Location : (35.5501892, 139.6443655)
2014-09-05 21:56:50:441:	Accuracy : 1675.0(m)
2014-09-05 21:56:50:480:	■ change request interval : 30000
2014-09-05 21:56:50:488:	AlarmManagerを再起動します。新たなIntervalは 30000(ms)
2014-09-05 21:57:20:622:	Call AlrmBrodcastReceiver
2014-09-05 21:57:20:670:	AlarmIntentService Default Constructor
2014-09-05 21:57:20:716:	Call AlarmIntentService#onHandleIntent
2014-09-05 21:57:20:733:	GeolocationFacadeを新規作成しました。
2014-09-05 21:57:20:740:	receiveAlarm
2014-09-05 21:57:20:746:	Listenerを起動します
2014-09-05 21:57:20:752:	onTickAlarm
2014-09-05 21:57:20:759:	onTickReceive
2014-09-05 21:57:20:765:	ConnectLocationServiceを起動します
2014-09-05 21:57:20:780:	▼▼▼ START
2014-09-05 21:57:24:554:	Location : (35.546268, 139.6428996)
2014-09-05 21:57:24:561:	Accuracy : 30.0(m)
2014-09-05 21:57:24:597:	distance:764.2645m, move:454.9119m, time:34120s, speed:47.997738km/h, interval:28661ms
2014-09-05 21:57:24:638:	■ change request interval : 30000
2014-09-05 21:57:24:644:	AlarmManagerを再起動します。新たなIntervalは 30000(ms)
2014-09-05 21:57:54:748:	Call AlrmBrodcastReceiver
2014-09-05 21:57:54:796:	AlarmIntentService Default Constructor
2014-09-05 21:57:54:818:	Call AlarmIntentService#onHandleIntent
2014-09-05 21:57:54:825:	GeolocationFacadeを新規作成しました。
2014-09-05 21:57:54:832:	receiveAlarm
2014-09-05 21:57:54:839:	Listenerを起動します
2014-09-05 21:57:54:846:	onTickAlarm
2014-09-05 21:57:54:853:	onTickReceive
2014-09-05 21:57:54:859:	ConnectLocationServiceを起動します
2014-09-05 21:57:54:875:	▼▼▼ START
2014-09-05 21:57:55:142:	Location : (35.546268, 139.6428996)
2014-09-05 21:58:16:584:	Accuracy : 30.0(m)
2014-09-05 21:58:16:609:	■ change request interval : 1800000
2014-09-05 21:58:16:612:	AlarmManagerを再起動します。新たなIntervalは 1800000(ms)
2014-09-05 22:28:16:742:	Call AlrmBrodcastReceiver
2014-09-05 22:28:16:756:	AlarmIntentService Default Constructor
2014-09-05 22:28:16:766:	Call AlarmIntentService#onHandleIntent
2014-09-05 22:28:16:769:	GeolocationFacadeを新規作成しました。
2014-09-05 22:28:16:772:	receiveAlarm
2014-09-05 22:28:16:775:	Listenerを起動します
2014-09-05 22:28:16:778:	onTickAlarm
2014-09-05 22:28:16:782:	onTickReceive
2014-09-05 22:28:16:786:	ConnectLocationServiceを起動します
2014-09-05 22:28:16:799:	▼▼▼ START
2014-09-05 22:28:20:823:	Location : (35.5450621, 139.643638)
2014-09-05 22:28:20:831:	Accuracy : 33.521(m)
2014-09-05 22:28:20:838:	distance:863.49786m, move:149.6141m, time:1825679s, speed:0.29501942km/h, interval:5268453ms
2014-09-05 22:28:46:587:	■ change request interval : 1800000
2014-09-05 22:28:46:592:	AlarmManagerを再起動します。新たなIntervalは 1800000(ms)
2014-09-05 22:57:52:664:	Failed Save ShopList
2014-09-05 22:57:52:703:	Failed Save ShopList
2014-09-05 22:57:59:223:	▼▼▼ START
2014-09-05 22:57:59:921:	Location : (35.5450275, 139.6437482)
2014-09-05 22:57:59:944:	Accuracy : 52.876(m)
2014-09-05 22:57:59:950:	distance:864.03735m, move:10.704812m, time:1779113s, speed:0.021660976km/h, interval:71800424ms
2014-09-05 22:57:59:976:	■ change request interval : 1800000
2014-09-05 22:57:59:979:	AlarmManagerを再起動します。新たなIntervalは 1800000(ms)
2014-09-05 23:21:23:883:	▼▼▼ START
2014-09-05 23:21:25:996:	Location : (35.5449032, 139.6444382)
2014-09-05 23:21:26:021:	Accuracy : 20.0(m)
2014-09-05 23:21:26:040:	distance:860.15295m, move:64.07025m, time:1406077s, speed:0.16404001km/h, interval:9438400ms
2014-09-05 23:21:26:072:	■ change request interval : 1800000
2014-09-05 23:21:26:074:	AlarmManagerを再起動します。新たなIntervalは 1800000(ms)
